d:\gmat\gmat-src\gmat-r2020a2\gmat-r2020a\cmake_gui_build\plugins\newparameterplugin\src\base\newparameters.dir\release\fmdensity.obj
d:\gmat\gmat-src\gmat-r2020a2\gmat-r2020a\cmake_gui_build\plugins\newparameterplugin\src\base\newparameters.dir\release\solverreal.obj
d:\gmat\gmat-src\gmat-r2020a2\gmat-r2020a\cmake_gui_build\plugins\newparameterplugin\src\base\newparameters.dir\release\solverstatus.obj
d:\gmat\gmat-src\gmat-r2020a2\gmat-r2020a\cmake_gui_build\plugins\newparameterplugin\src\base\newparameters.dir\release\gmatpluginfunctions.obj
d:\gmat\gmat-src\gmat-r2020a2\gmat-r2020a\cmake_gui_build\plugins\newparameterplugin\src\base\newparameters.dir\release\odedata.obj
d:\gmat\gmat-src\gmat-r2020a2\gmat-r2020a\cmake_gui_build\plugins\newparameterplugin\src\base\newparameters.dir\release\fmacceleration.obj
d:\gmat\gmat-src\gmat-r2020a2\gmat-r2020a\cmake_gui_build\plugins\newparameterplugin\src\base\newparameters.dir\release\solverstring.obj
d:\gmat\gmat-src\gmat-r2020a2\gmat-r2020a\cmake_gui_build\plugins\newparameterplugin\src\base\newparameters.dir\release\atmosdensity.obj
d:\gmat\gmat-src\gmat-r2020a2\gmat-r2020a\cmake_gui_build\plugins\newparameterplugin\src\base\newparameters.dir\release\odereal.obj
d:\gmat\gmat-src\gmat-r2020a2\gmat-r2020a\cmake_gui_build\plugins\newparameterplugin\src\base\newparameters.dir\release\solverstate.obj
d:\gmat\gmat-src\gmat-r2020a2\gmat-r2020a\cmake_gui_build\plugins\newparameterplugin\src\base\newparameters.dir\release\newparameterfactory.obj
d:\gmat\gmat-src\gmat-r2020a2\gmat-r2020a\cmake_gui_build\plugins\newparameterplugin\src\base\newparameters.dir\release\solverdata.obj
d:\gmat\gmat-src\gmat-r2020a2\gmat-r2020a\cmake_gui_build\plugins\newparameterplugin\src\base\cmakefiles\generate.stamp
d:\gmat\gmat-src\gmat-r2020a2\gmat-r2020a\application\plugins\libnewparameters.dll
d:\gmat\gmat-src\gmat-r2020a2\gmat-r2020a\cmake_gui_build\plugins\newparameterplugin\src\base\release\newparameters.lib
d:\gmat\gmat-src\gmat-r2020a2\gmat-r2020a\cmake_gui_build\plugins\newparameterplugin\src\base\release\newparameters.exp
d:\gmat\gmat-src\gmat-r2020a2\gmat-r2020a\cmake_gui_build\plugins\newparameterplugin\src\base\newparameters.dir\release\plugin n.c011d671.tlog\cl.10016.write.1.tlog
d:\gmat\gmat-src\gmat-r2020a2\gmat-r2020a\cmake_gui_build\plugins\newparameterplugin\src\base\newparameters.dir\release\plugin n.c011d671.tlog\cl.command.1.tlog
d:\gmat\gmat-src\gmat-r2020a2\gmat-r2020a\cmake_gui_build\plugins\newparameterplugin\src\base\newparameters.dir\release\plugin n.c011d671.tlog\cl.read.1.tlog
d:\gmat\gmat-src\gmat-r2020a2\gmat-r2020a\cmake_gui_build\plugins\newparameterplugin\src\base\newparameters.dir\release\plugin n.c011d671.tlog\custombuild.command.1.tlog
d:\gmat\gmat-src\gmat-r2020a2\gmat-r2020a\cmake_gui_build\plugins\newparameterplugin\src\base\newparameters.dir\release\plugin n.c011d671.tlog\custombuild.read.1.tlog
d:\gmat\gmat-src\gmat-r2020a2\gmat-r2020a\cmake_gui_build\plugins\newparameterplugin\src\base\newparameters.dir\release\plugin n.c011d671.tlog\custombuild.write.1.tlog
d:\gmat\gmat-src\gmat-r2020a2\gmat-r2020a\cmake_gui_build\plugins\newparameterplugin\src\base\newparameters.dir\release\plugin n.c011d671.tlog\link.command.1.tlog
d:\gmat\gmat-src\gmat-r2020a2\gmat-r2020a\cmake_gui_build\plugins\newparameterplugin\src\base\newparameters.dir\release\plugin n.c011d671.tlog\link.read.1.tlog
d:\gmat\gmat-src\gmat-r2020a2\gmat-r2020a\cmake_gui_build\plugins\newparameterplugin\src\base\newparameters.dir\release\plugin n.c011d671.tlog\link.write.1.tlog
d:\gmat\gmat-src\gmat-r2020a2\gmat-r2020a\cmake_gui_build\plugins\newparameterplugin\src\base\newparameters.dir\release\plugin n.c011d671.tlog\plugin newparameters.write.1u.tlog
