d:\gmat\gmat-src\gmat-r2020a2\gmat-r2020a\cmake_gui_build\plugins\thrustfileplugin\src\base\thrustfile.dir\release\thrusthistoryfile.obj
d:\gmat\gmat-src\gmat-r2020a2\gmat-r2020a\cmake_gui_build\plugins\thrustfileplugin\src\base\thrustfile.dir\release\thrustfilecommandfactory.obj
d:\gmat\gmat-src\gmat-r2020a2\gmat-r2020a\cmake_gui_build\plugins\thrustfileplugin\src\base\thrustfile.dir\release\thrustfileforcefactory.obj
d:\gmat\gmat-src\gmat-r2020a2\gmat-r2020a\cmake_gui_build\plugins\thrustfileplugin\src\base\thrustfile.dir\release\endfilethrust.obj
d:\gmat\gmat-src\gmat-r2020a2\gmat-r2020a\cmake_gui_build\plugins\thrustfileplugin\src\base\thrustfile.dir\release\thrustfilereaderfactory.obj
d:\gmat\gmat-src\gmat-r2020a2\gmat-r2020a\cmake_gui_build\plugins\thrustfileplugin\src\base\thrustfile.dir\release\thfdatasegment.obj
d:\gmat\gmat-src\gmat-r2020a2\gmat-r2020a\cmake_gui_build\plugins\thrustfileplugin\src\base\thrustfile.dir\release\thrustsegment.obj
d:\gmat\gmat-src\gmat-r2020a2\gmat-r2020a\cmake_gui_build\plugins\thrustfileplugin\src\base\thrustfile.dir\release\filethrust.obj
d:\gmat\gmat-src\gmat-r2020a2\gmat-r2020a\cmake_gui_build\plugins\thrustfileplugin\src\base\thrustfile.dir\release\beginfilethrust.obj
d:\gmat\gmat-src\gmat-r2020a2\gmat-r2020a\cmake_gui_build\plugins\thrustfileplugin\src\base\thrustfile.dir\release\gmatpluginfunctions.obj
d:\gmat\gmat-src\gmat-r2020a2\gmat-r2020a\cmake_gui_build\plugins\thrustfileplugin\src\base\cmakefiles\generate.stamp
d:\gmat\gmat-src\gmat-r2020a2\gmat-r2020a\application\plugins\libthrustfile.dll
d:\gmat\gmat-src\gmat-r2020a2\gmat-r2020a\cmake_gui_build\plugins\thrustfileplugin\src\base\release\thrustfile.lib
d:\gmat\gmat-src\gmat-r2020a2\gmat-r2020a\cmake_gui_build\plugins\thrustfileplugin\src\base\release\thrustfile.exp
d:\gmat\gmat-src\gmat-r2020a2\gmat-r2020a\cmake_gui_build\plugins\thrustfileplugin\src\base\thrustfile.dir\release\plugin t.b99da83b.tlog\cl.16620.write.1.tlog
d:\gmat\gmat-src\gmat-r2020a2\gmat-r2020a\cmake_gui_build\plugins\thrustfileplugin\src\base\thrustfile.dir\release\plugin t.b99da83b.tlog\cl.command.1.tlog
d:\gmat\gmat-src\gmat-r2020a2\gmat-r2020a\cmake_gui_build\plugins\thrustfileplugin\src\base\thrustfile.dir\release\plugin t.b99da83b.tlog\cl.read.1.tlog
d:\gmat\gmat-src\gmat-r2020a2\gmat-r2020a\cmake_gui_build\plugins\thrustfileplugin\src\base\thrustfile.dir\release\plugin t.b99da83b.tlog\custombuild.command.1.tlog
d:\gmat\gmat-src\gmat-r2020a2\gmat-r2020a\cmake_gui_build\plugins\thrustfileplugin\src\base\thrustfile.dir\release\plugin t.b99da83b.tlog\custombuild.read.1.tlog
d:\gmat\gmat-src\gmat-r2020a2\gmat-r2020a\cmake_gui_build\plugins\thrustfileplugin\src\base\thrustfile.dir\release\plugin t.b99da83b.tlog\custombuild.write.1.tlog
d:\gmat\gmat-src\gmat-r2020a2\gmat-r2020a\cmake_gui_build\plugins\thrustfileplugin\src\base\thrustfile.dir\release\plugin t.b99da83b.tlog\link.command.1.tlog
d:\gmat\gmat-src\gmat-r2020a2\gmat-r2020a\cmake_gui_build\plugins\thrustfileplugin\src\base\thrustfile.dir\release\plugin t.b99da83b.tlog\link.read.1.tlog
d:\gmat\gmat-src\gmat-r2020a2\gmat-r2020a\cmake_gui_build\plugins\thrustfileplugin\src\base\thrustfile.dir\release\plugin t.b99da83b.tlog\link.write.1.tlog
d:\gmat\gmat-src\gmat-r2020a2\gmat-r2020a\cmake_gui_build\plugins\thrustfileplugin\src\base\thrustfile.dir\release\plugin t.b99da83b.tlog\plugin thrustfile.write.1u.tlog
