d:\gmat\gmat-src\gmat-r2020a2\gmat-r2020a\cmake_gui_build\plugins\polyhedrongravityplugin\src\base\polyhedrongravity.dir\release\polyhedrongravitymodelfactory.obj
d:\gmat\gmat-src\gmat-r2020a2\gmat-r2020a\cmake_gui_build\plugins\polyhedrongravityplugin\src\base\polyhedrongravity.dir\release\surfaceheight.obj
d:\gmat\gmat-src\gmat-r2020a2\gmat-r2020a\cmake_gui_build\plugins\polyhedrongravityplugin\src\base\polyhedrongravity.dir\release\gmatpluginfunctions.obj
d:\gmat\gmat-src\gmat-r2020a2\gmat-r2020a\cmake_gui_build\plugins\polyhedrongravityplugin\src\base\polyhedrongravity.dir\release\polyhedronbody.obj
d:\gmat\gmat-src\gmat-r2020a2\gmat-r2020a\cmake_gui_build\plugins\polyhedrongravityplugin\src\base\polyhedrongravity.dir\release\gravityparameterfactory.obj
d:\gmat\gmat-src\gmat-r2020a2\gmat-r2020a\cmake_gui_build\plugins\polyhedrongravityplugin\src\base\polyhedrongravity.dir\release\gravdata.obj
d:\gmat\gmat-src\gmat-r2020a2\gmat-r2020a\cmake_gui_build\plugins\polyhedrongravityplugin\src\base\polyhedrongravity.dir\release\polyhedrongravitymodel.obj
d:\gmat\gmat-src\gmat-r2020a2\gmat-r2020a\cmake_gui_build\plugins\polyhedrongravityplugin\src\base\polyhedrongravity.dir\release\gravreal.obj
d:\gmat\gmat-src\gmat-r2020a2\gmat-r2020a\cmake_gui_build\plugins\polyhedrongravityplugin\src\base\cmakefiles\generate.stamp
d:\gmat\gmat-src\gmat-r2020a2\gmat-r2020a\application\plugins\libpolyhedrongravity.dll
d:\gmat\gmat-src\gmat-r2020a2\gmat-r2020a\cmake_gui_build\plugins\polyhedrongravityplugin\src\base\release\polyhedrongravity.lib
d:\gmat\gmat-src\gmat-r2020a2\gmat-r2020a\cmake_gui_build\plugins\polyhedrongravityplugin\src\base\release\polyhedrongravity.exp
d:\gmat\gmat-src\gmat-r2020a2\gmat-r2020a\cmake_gui_build\plugins\polyhedrongravityplugin\src\base\polyhedrongravity.dir\release\plugin p.a2e589f3.tlog\cl.16912.write.1.tlog
d:\gmat\gmat-src\gmat-r2020a2\gmat-r2020a\cmake_gui_build\plugins\polyhedrongravityplugin\src\base\polyhedrongravity.dir\release\plugin p.a2e589f3.tlog\cl.command.1.tlog
d:\gmat\gmat-src\gmat-r2020a2\gmat-r2020a\cmake_gui_build\plugins\polyhedrongravityplugin\src\base\polyhedrongravity.dir\release\plugin p.a2e589f3.tlog\cl.read.1.tlog
d:\gmat\gmat-src\gmat-r2020a2\gmat-r2020a\cmake_gui_build\plugins\polyhedrongravityplugin\src\base\polyhedrongravity.dir\release\plugin p.a2e589f3.tlog\custombuild.command.1.tlog
d:\gmat\gmat-src\gmat-r2020a2\gmat-r2020a\cmake_gui_build\plugins\polyhedrongravityplugin\src\base\polyhedrongravity.dir\release\plugin p.a2e589f3.tlog\custombuild.read.1.tlog
d:\gmat\gmat-src\gmat-r2020a2\gmat-r2020a\cmake_gui_build\plugins\polyhedrongravityplugin\src\base\polyhedrongravity.dir\release\plugin p.a2e589f3.tlog\custombuild.write.1.tlog
d:\gmat\gmat-src\gmat-r2020a2\gmat-r2020a\cmake_gui_build\plugins\polyhedrongravityplugin\src\base\polyhedrongravity.dir\release\plugin p.a2e589f3.tlog\link.command.1.tlog
d:\gmat\gmat-src\gmat-r2020a2\gmat-r2020a\cmake_gui_build\plugins\polyhedrongravityplugin\src\base\polyhedrongravity.dir\release\plugin p.a2e589f3.tlog\link.read.1.tlog
d:\gmat\gmat-src\gmat-r2020a2\gmat-r2020a\cmake_gui_build\plugins\polyhedrongravityplugin\src\base\polyhedrongravity.dir\release\plugin p.a2e589f3.tlog\link.write.1.tlog
d:\gmat\gmat-src\gmat-r2020a2\gmat-r2020a\cmake_gui_build\plugins\polyhedrongravityplugin\src\base\polyhedrongravity.dir\release\plugin p.a2e589f3.tlog\plugin polyhedrongravity.write.1u.tlog
