d:\gmat\gmat-src\gmat-r2020a2\gmat-r2020a\cmake_gui_build\plugins\ephempropagatorplugin\src\base\ephempropagator.dir\release\gmatpluginfunctions.obj
d:\gmat\gmat-src\gmat-r2020a2\gmat-r2020a\cmake_gui_build\plugins\ephempropagatorplugin\src\base\ephempropagator.dir\release\ephemerispropagator.obj
d:\gmat\gmat-src\gmat-r2020a2\gmat-r2020a\cmake_gui_build\plugins\ephempropagatorplugin\src\base\ephempropagator.dir\release\stkepropagator.obj
d:\gmat\gmat-src\gmat-r2020a2\gmat-r2020a\cmake_gui_build\plugins\ephempropagatorplugin\src\base\ephempropagator.dir\release\ephempropfactory.obj
d:\gmat\gmat-src\gmat-r2020a2\gmat-r2020a\cmake_gui_build\plugins\ephempropagatorplugin\src\base\ephempropagator.dir\release\code500propagator.obj
d:\gmat\gmat-src\gmat-r2020a2\gmat-r2020a\cmake_gui_build\plugins\ephempropagatorplugin\src\base\ephempropagator.dir\release\spkpropagator.obj
d:\gmat\gmat-src\gmat-r2020a2\gmat-r2020a\cmake_gui_build\plugins\ephempropagatorplugin\src\base\cmakefiles\generate.stamp
d:\gmat\gmat-src\gmat-r2020a2\gmat-r2020a\application\plugins\libephempropagator.dll
d:\gmat\gmat-src\gmat-r2020a2\gmat-r2020a\cmake_gui_build\plugins\ephempropagatorplugin\src\base\release\ephempropagator.lib
d:\gmat\gmat-src\gmat-r2020a2\gmat-r2020a\cmake_gui_build\plugins\ephempropagatorplugin\src\base\release\ephempropagator.exp
d:\gmat\gmat-src\gmat-r2020a2\gmat-r2020a\cmake_gui_build\plugins\ephempropagatorplugin\src\base\ephempropagator.dir\release\plugin e.74d371a1.tlog\cl.2388.write.1.tlog
d:\gmat\gmat-src\gmat-r2020a2\gmat-r2020a\cmake_gui_build\plugins\ephempropagatorplugin\src\base\ephempropagator.dir\release\plugin e.74d371a1.tlog\cl.command.1.tlog
d:\gmat\gmat-src\gmat-r2020a2\gmat-r2020a\cmake_gui_build\plugins\ephempropagatorplugin\src\base\ephempropagator.dir\release\plugin e.74d371a1.tlog\cl.read.1.tlog
d:\gmat\gmat-src\gmat-r2020a2\gmat-r2020a\cmake_gui_build\plugins\ephempropagatorplugin\src\base\ephempropagator.dir\release\plugin e.74d371a1.tlog\custombuild.command.1.tlog
d:\gmat\gmat-src\gmat-r2020a2\gmat-r2020a\cmake_gui_build\plugins\ephempropagatorplugin\src\base\ephempropagator.dir\release\plugin e.74d371a1.tlog\custombuild.read.1.tlog
d:\gmat\gmat-src\gmat-r2020a2\gmat-r2020a\cmake_gui_build\plugins\ephempropagatorplugin\src\base\ephempropagator.dir\release\plugin e.74d371a1.tlog\custombuild.write.1.tlog
d:\gmat\gmat-src\gmat-r2020a2\gmat-r2020a\cmake_gui_build\plugins\ephempropagatorplugin\src\base\ephempropagator.dir\release\plugin e.74d371a1.tlog\link.command.1.tlog
d:\gmat\gmat-src\gmat-r2020a2\gmat-r2020a\cmake_gui_build\plugins\ephempropagatorplugin\src\base\ephempropagator.dir\release\plugin e.74d371a1.tlog\link.read.1.tlog
d:\gmat\gmat-src\gmat-r2020a2\gmat-r2020a\cmake_gui_build\plugins\ephempropagatorplugin\src\base\ephempropagator.dir\release\plugin e.74d371a1.tlog\link.write.1.tlog
d:\gmat\gmat-src\gmat-r2020a2\gmat-r2020a\cmake_gui_build\plugins\ephempropagatorplugin\src\base\ephempropagator.dir\release\plugin e.74d371a1.tlog\plugin ephempropagator.write.1u.tlog
