d:\gmat\gmat-src\gmat-r2020a2\gmat-r2020a\cmake_gui_build\plugins\extendedkalmanfilterplugin\src\base\ekf.dir\release\smootherfactory.obj
d:\gmat\gmat-src\gmat-r2020a2\gmat-r2020a\cmake_gui_build\plugins\extendedkalmanfilterplugin\src\base\ekf.dir\release\smootherbase.obj
d:\gmat\gmat-src\gmat-r2020a2\gmat-r2020a\cmake_gui_build\plugins\extendedkalmanfilterplugin\src\base\ekf.dir\release\extendedkalmanfilterfactory.obj
d:\gmat\gmat-src\gmat-r2020a2\gmat-r2020a\cmake_gui_build\plugins\extendedkalmanfilterplugin\src\base\ekf.dir\release\processnoisemodel.obj
d:\gmat\gmat-src\gmat-r2020a2\gmat-r2020a\cmake_gui_build\plugins\extendedkalmanfilterplugin\src\base\ekf.dir\release\processnoisemodelfactory.obj
d:\gmat\gmat-src\gmat-r2020a2\gmat-r2020a\cmake_gui_build\plugins\extendedkalmanfilterplugin\src\base\ekf.dir\release\linearprocessnoise.obj
d:\gmat\gmat-src\gmat-r2020a2\gmat-r2020a\cmake_gui_build\plugins\extendedkalmanfilterplugin\src\base\ekf.dir\release\extendedkalmanfilter.obj
d:\gmat\gmat-src\gmat-r2020a2\gmat-r2020a\cmake_gui_build\plugins\extendedkalmanfilterplugin\src\base\ekf.dir\release\sncprocessnoise.obj
d:\gmat\gmat-src\gmat-r2020a2\gmat-r2020a\cmake_gui_build\plugins\extendedkalmanfilterplugin\src\base\ekf.dir\release\processnoisefactory.obj
d:\gmat\gmat-src\gmat-r2020a2\gmat-r2020a\cmake_gui_build\plugins\extendedkalmanfilterplugin\src\base\ekf.dir\release\processnoisebase.obj
d:\gmat\gmat-src\gmat-r2020a2\gmat-r2020a\cmake_gui_build\plugins\extendedkalmanfilterplugin\src\base\ekf.dir\release\ekfcommandfactory.obj
d:\gmat\gmat-src\gmat-r2020a2\gmat-r2020a\cmake_gui_build\plugins\extendedkalmanfilterplugin\src\base\ekf.dir\release\smoother.obj
d:\gmat\gmat-src\gmat-r2020a2\gmat-r2020a\cmake_gui_build\plugins\extendedkalmanfilterplugin\src\base\ekf.dir\release\runsmoother.obj
d:\gmat\gmat-src\gmat-r2020a2\gmat-r2020a\cmake_gui_build\plugins\extendedkalmanfilterplugin\src\base\ekf.dir\release\gmatpluginfunctions.obj
d:\gmat\gmat-src\gmat-r2020a2\gmat-r2020a\cmake_gui_build\plugins\extendedkalmanfilterplugin\src\base\ekf.dir\release\seqestimator.obj
d:\gmat\gmat-src\gmat-r2020a2\gmat-r2020a\cmake_gui_build\plugins\extendedkalmanfilterplugin\src\base\cmakefiles\generate.stamp
d:\gmat\gmat-src\gmat-r2020a2\gmat-r2020a\application\plugins\libekf.dll
d:\gmat\gmat-src\gmat-r2020a2\gmat-r2020a\cmake_gui_build\plugins\extendedkalmanfilterplugin\src\base\release\ekf.lib
d:\gmat\gmat-src\gmat-r2020a2\gmat-r2020a\cmake_gui_build\plugins\extendedkalmanfilterplugin\src\base\release\ekf.exp
d:\gmat\gmat-src\gmat-r2020a2\gmat-r2020a\cmake_gui_build\plugins\extendedkalmanfilterplugin\src\base\ekf.dir\release\plugin ekf.tlog\cl.11348.write.1.tlog
d:\gmat\gmat-src\gmat-r2020a2\gmat-r2020a\cmake_gui_build\plugins\extendedkalmanfilterplugin\src\base\ekf.dir\release\plugin ekf.tlog\cl.command.1.tlog
d:\gmat\gmat-src\gmat-r2020a2\gmat-r2020a\cmake_gui_build\plugins\extendedkalmanfilterplugin\src\base\ekf.dir\release\plugin ekf.tlog\cl.read.1.tlog
d:\gmat\gmat-src\gmat-r2020a2\gmat-r2020a\cmake_gui_build\plugins\extendedkalmanfilterplugin\src\base\ekf.dir\release\plugin ekf.tlog\custombuild.command.1.tlog
d:\gmat\gmat-src\gmat-r2020a2\gmat-r2020a\cmake_gui_build\plugins\extendedkalmanfilterplugin\src\base\ekf.dir\release\plugin ekf.tlog\custombuild.read.1.tlog
d:\gmat\gmat-src\gmat-r2020a2\gmat-r2020a\cmake_gui_build\plugins\extendedkalmanfilterplugin\src\base\ekf.dir\release\plugin ekf.tlog\custombuild.write.1.tlog
d:\gmat\gmat-src\gmat-r2020a2\gmat-r2020a\cmake_gui_build\plugins\extendedkalmanfilterplugin\src\base\ekf.dir\release\plugin ekf.tlog\link.command.1.tlog
d:\gmat\gmat-src\gmat-r2020a2\gmat-r2020a\cmake_gui_build\plugins\extendedkalmanfilterplugin\src\base\ekf.dir\release\plugin ekf.tlog\link.read.1.tlog
d:\gmat\gmat-src\gmat-r2020a2\gmat-r2020a\cmake_gui_build\plugins\extendedkalmanfilterplugin\src\base\ekf.dir\release\plugin ekf.tlog\link.write.1.tlog
d:\gmat\gmat-src\gmat-r2020a2\gmat-r2020a\cmake_gui_build\plugins\extendedkalmanfilterplugin\src\base\ekf.dir\release\plugin ekf.tlog\plugin ekf.write.1u.tlog
