  Checking Build System
  CMake does not need to re-run because D:/GMAT/gmat-src/GMAT-r2020a2/GMAT-R2020a/cmake_gui_build/CMakeFiles/generate.stamp is up-to-date.
  CMake does not need to re-run because D:/GMAT/gmat-src/GMAT-r2020a2/GMAT-R2020a/cmake_gui_build/depends/CMakeFiles/generate.stamp is up-to-date.
  CMake does not need to re-run because D:/GMAT/gmat-src/GMAT-r2020a2/GMAT-R2020a/cmake_gui_build/src/CMakeFiles/generate.stamp is up-to-date.
  CMake does not need to re-run because D:/GMAT/gmat-src/GMAT-r2020a2/GMAT-R2020a/cmake_gui_build/src/gmatutil/CMakeFiles/generate.stamp is up-to-date.
  CMake does not need to re-run because D:/GMAT/gmat-src/GMAT-r2020a2/GMAT-R2020a/cmake_gui_build/src/base/CMakeFiles/generate.stamp is up-to-date.
  CMake does not need to re-run because D:/GMAT/gmat-src/GMAT-r2020a2/GMAT-R2020a/cmake_gui_build/src/console/CMakeFiles/generate.stamp is up-to-date.
  CMake does not need to re-run because D:/GMAT/gmat-src/GMAT-r2020a2/GMAT-R2020a/cmake_gui_build/src/gui/CMakeFiles/generate.stamp is up-to-date.
  CMake does not need to re-run because D:/GMAT/gmat-src/GMAT-r2020a2/GMAT-R2020a/cmake_gui_build/plugins/CMakeFiles/generate.stamp is up-to-date.
  CMake does not need to re-run because D:/GMAT/gmat-src/GMAT-r2020a2/GMAT-R2020a/cmake_gui_build/plugins/CInterfacePlugin/src/CMakeFiles/generate.stamp is up-to-date.
  CMake does not need to re-run because D:/GMAT/gmat-src/GMAT-r2020a2/GMAT-R2020a/cmake_gui_build/plugins/DataInterfacePlugin/src/base/CMakeFiles/generate.stamp is up-to-date.
  CMake does not need to re-run because D:/GMAT/gmat-src/GMAT-r2020a2/GMAT-R2020a/cmake_gui_build/plugins/EphemPropagatorPlugin/src/base/CMakeFiles/generate.stamp is up-to-date.
  CMake does not need to re-run because D:/GMAT/gmat-src/GMAT-r2020a2/GMAT-R2020a/cmake_gui_build/plugins/ExtendedKalmanFilterPlugin/src/base/CMakeFiles/generate.stamp is up-to-date.
  CMake does not need to re-run because D:/GMAT/gmat-src/GMAT-r2020a2/GMAT-R2020a/cmake_gui_build/plugins/EstimationPlugin/src/base/CMakeFiles/generate.stamp is up-to-date.
  CMake does not need to re-run because D:/GMAT/gmat-src/GMAT-r2020a2/GMAT-R2020a/cmake_gui_build/plugins/EventLocatorPlugin/src/base/CMakeFiles/generate.stamp is up-to-date.
  CMake does not need to re-run because D:/GMAT/gmat-src/GMAT-r2020a2/GMAT-R2020a/cmake_gui_build/plugins/ExtraPropagatorsPlugin/src/base/CMakeFiles/generate.stamp is up-to-date.
  CMake does not need to re-run because D:/GMAT/gmat-src/GMAT-r2020a2/GMAT-R2020a/cmake_gui_build/plugins/FormationPlugin/src/base/CMakeFiles/generate.stamp is up-to-date.
  CMake does not need to re-run because D:/GMAT/gmat-src/GMAT-r2020a2/GMAT-R2020a/cmake_gui_build/plugins/GmatFunctionPlugin/src/base/CMakeFiles/generate.stamp is up-to-date.
  CMake does not need to re-run because D:/GMAT/gmat-src/GMAT-r2020a2/GMAT-R2020a/cmake_gui_build/plugins/MatlabInterfacePlugin/src/base/CMakeFiles/generate.stamp is up-to-date.
  CMake does not need to re-run because D:/GMAT/gmat-src/GMAT-r2020a2/GMAT-R2020a/cmake_gui_build/plugins/NewParameterPlugin/src/base/CMakeFiles/generate.stamp is up-to-date.
  CMake does not need to re-run because D:/GMAT/gmat-src/GMAT-r2020a2/GMAT-R2020a/cmake_gui_build/plugins/PolyhedronGravityPlugin/src/base/CMakeFiles/generate.stamp is up-to-date.
  CMake does not need to re-run because D:/GMAT/gmat-src/GMAT-r2020a2/GMAT-R2020a/cmake_gui_build/plugins/ProductionPropagatorPlugin/src/base/CMakeFiles/generate.stamp is up-to-date.
  CMake does not need to re-run because D:/GMAT/gmat-src/GMAT-r2020a2/GMAT-R2020a/cmake_gui_build/plugins/PythonInterfacePlugin/src/base/CMakeFiles/generate.stamp is up-to-date.
  CMake does not need to re-run because D:/GMAT/gmat-src/GMAT-r2020a2/GMAT-R2020a/cmake_gui_build/plugins/SaveCommandPlugin/src/base/CMakeFiles/generate.stamp is up-to-date.
  CMake does not need to re-run because D:/GMAT/gmat-src/GMAT-r2020a2/GMAT-R2020a/cmake_gui_build/plugins/ScriptToolsPlugin/src/base/CMakeFiles/generate.stamp is up-to-date.
  CMake does not need to re-run because D:/GMAT/gmat-src/GMAT-r2020a2/GMAT-R2020a/cmake_gui_build/plugins/StationPlugin/src/base/CMakeFiles/generate.stamp is up-to-date.
  CMake does not need to re-run because D:/GMAT/gmat-src/GMAT-r2020a2/GMAT-R2020a/cmake_gui_build/plugins/ThrustFilePlugin/src/base/CMakeFiles/generate.stamp is up-to-date.
  CMake does not need to re-run because D:/GMAT/gmat-src/GMAT-r2020a2/GMAT-R2020a/cmake_gui_build/plugins/YukonOptimizerPlugin/src/base/CMakeFiles/generate.stamp is up-to-date.
  CMake does not need to re-run because D:/GMAT/gmat-src/GMAT-r2020a2/GMAT-R2020a/cmake_gui_build/build/install/CMakeFiles/generate.stamp is up-to-date.
