d:\gmat\gmat-src\gmat-r2020a2\gmat-r2020a\cmake_gui_build\src\gmatutil\gmatutil.dir\release\angleutil.obj
d:\gmat\gmat-src\gmat-r2020a2\gmat-r2020a\cmake_gui_build\src\gmatutil\gmatutil.dir\release\ccsdsaemreader.obj
d:\gmat\gmat-src\gmat-r2020a2\gmat-r2020a\cmake_gui_build\src\gmatutil\gmatutil.dir\release\ccsdsoemwriter.obj
d:\gmat\gmat-src\gmat-r2020a2\gmat-r2020a\cmake_gui_build\src\gmatutil\gmatutil.dir\release\eopfile.obj
d:\gmat\gmat-src\gmat-r2020a2\gmat-r2020a\cmake_gui_build\src\gmatutil\gmatutil.dir\release\memorytracker.obj
d:\gmat\gmat-src\gmat-r2020a2\gmat-r2020a\cmake_gui_build\src\gmatutil\gmatutil.dir\release\randomnumber.obj
d:\gmat\gmat-src\gmat-r2020a2\gmat-r2020a\cmake_gui_build\src\gmatutil\gmatutil.dir\release\rvector6.obj
d:\gmat\gmat-src\gmat-r2020a2\gmat-r2020a\cmake_gui_build\src\gmatutil\gmatutil.dir\release\timesystemconverter.obj
d:\gmat\gmat-src\gmat-r2020a2\gmat-r2020a\cmake_gui_build\src\gmatutil\gmatutil.dir\release\writerdata.obj
d:\gmat\gmat-src\gmat-r2020a2\gmat-r2020a\cmake_gui_build\src\gmatutil\gmatutil.dir\release\cubicsplineinterpolator.obj
d:\gmat\gmat-src\gmat-r2020a2\gmat-r2020a\cmake_gui_build\src\gmatutil\gmatutil.dir\release\frozen.obj
d:\gmat\gmat-src\gmat-r2020a2\gmat-r2020a\cmake_gui_build\src\gmatutil\gmatutil.dir\release\calculationutilities.obj
d:\gmat\gmat-src\gmat-r2020a2\gmat-r2020a\cmake_gui_build\src\gmatutil\gmatutil.dir\release\ccsdsemwriter.obj
d:\gmat\gmat-src\gmat-r2020a2\gmat-r2020a\cmake_gui_build\src\gmatutil\gmatutil.dir\release\dateutil.obj
d:\gmat\gmat-src\gmat-r2020a2\gmat-r2020a\cmake_gui_build\src\gmatutil\gmatutil.dir\release\gravityfileutil.obj
d:\gmat\gmat-src\gmat-r2020a2\gmat-r2020a\cmake_gui_build\src\gmatutil\gmatutil.dir\release\messageinterface.obj
d:\gmat\gmat-src\gmat-r2020a2\gmat-r2020a\cmake_gui_build\src\gmatutil\gmatutil.dir\release\rmatrix33.obj
d:\gmat\gmat-src\gmat-r2020a2\gmat-r2020a\cmake_gui_build\src\gmatutil\gmatutil.dir\release\stkephemerisfile.obj
d:\gmat\gmat-src\gmat-r2020a2\gmat-r2020a\cmake_gui_build\src\gmatutil\gmatutil.dir\release\databucket.obj
d:\gmat\gmat-src\gmat-r2020a2\gmat-r2020a\cmake_gui_build\src\gmatutil\gmatutil.dir\release\choleskyfactorization.obj
d:\gmat\gmat-src\gmat-r2020a2\gmat-r2020a\cmake_gui_build\src\gmatutil\gmatutil.dir\release\repeatgroundtrack.obj
d:\gmat\gmat-src\gmat-r2020a2\gmat-r2020a\cmake_gui_build\src\gmatutil\gmatutil.dir\release\a1mjd.obj
d:\gmat\gmat-src\gmat-r2020a2\gmat-r2020a\cmake_gui_build\src\gmatutil\gmatutil.dir\release\ccsdsaemsegment.obj
d:\gmat\gmat-src\gmat-r2020a2\gmat-r2020a\cmake_gui_build\src\gmatutil\gmatutil.dir\release\code500ephemerisfile.obj
d:\gmat\gmat-src\gmat-r2020a2\gmat-r2020a\cmake_gui_build\src\gmatutil\gmatutil.dir\release\leapsecsfilereader.obj
d:\gmat\gmat-src\gmat-r2020a2\gmat-r2020a\cmake_gui_build\src\gmatutil\gmatutil.dir\release\realutilities.obj
d:\gmat\gmat-src\gmat-r2020a2\gmat-r2020a\cmake_gui_build\src\gmatutil\gmatutil.dir\release\stringtokenizer.obj
d:\gmat\gmat-src\gmat-r2020a2\gmat-r2020a\cmake_gui_build\src\gmatutil\gmatutil.dir\release\timetypes.obj
d:\gmat\gmat-src\gmat-r2020a2\gmat-r2020a\cmake_gui_build\src\gmatutil\gmatutil.dir\release\datawriter.obj
d:\gmat\gmat-src\gmat-r2020a2\gmat-r2020a\cmake_gui_build\src\gmatutil\gmatutil.dir\release\brentdekkerzero.obj
d:\gmat\gmat-src\gmat-r2020a2\gmat-r2020a\cmake_gui_build\src\gmatutil\gmatutil.dir\release\matrixfactorization.obj
d:\gmat\gmat-src\gmat-r2020a2\gmat-r2020a\cmake_gui_build\src\gmatutil\gmatutil.dir\release\baseexception.obj
d:\gmat\gmat-src\gmat-r2020a2\gmat-r2020a\cmake_gui_build\src\gmatutil\gmatutil.dir\release\ccsdsaemquaternionsegment.obj
d:\gmat\gmat-src\gmat-r2020a2\gmat-r2020a\cmake_gui_build\src\gmatutil\gmatutil.dir\release\cubicspline.obj
d:\gmat\gmat-src\gmat-r2020a2\gmat-r2020a\cmake_gui_build\src\gmatutil\gmatutil.dir\release\filemanager.obj
d:\gmat\gmat-src\gmat-r2020a2\gmat-r2020a\cmake_gui_build\src\gmatutil\gmatutil.dir\release\rgbcolor.obj
d:\gmat\gmat-src\gmat-r2020a2\gmat-r2020a\cmake_gui_build\src\gmatutil\gmatutil.dir\release\spadfilereader.obj
d:\gmat\gmat-src\gmat-r2020a2\gmat-r2020a\cmake_gui_build\src\gmatutil\gmatutil.dir\release\interpolator.obj
d:\gmat\gmat-src\gmat-r2020a2\gmat-r2020a\cmake_gui_build\src\gmatutil\gmatutil.dir\release\lufactorization.obj
d:\gmat\gmat-src\gmat-r2020a2\gmat-r2020a\cmake_gui_build\src\gmatutil\gmatutil.dir\release\sunsync.obj
d:\gmat\gmat-src\gmat-r2020a2\gmat-r2020a\cmake_gui_build\src\gmatutil\gmatutil.dir\release\a1date.obj
d:\gmat\gmat-src\gmat-r2020a2\gmat-r2020a\cmake_gui_build\src\gmatutil\gmatutil.dir\release\ccsdsaemeuleranglesegment.obj
d:\gmat\gmat-src\gmat-r2020a2\gmat-r2020a\cmake_gui_build\src\gmatutil\gmatutil.dir\release\colordatabase.obj
d:\gmat\gmat-src\gmat-r2020a2\gmat-r2020a\cmake_gui_build\src\gmatutil\gmatutil.dir\release\gmattime.obj
d:\gmat\gmat-src\gmat-r2020a2\gmat-r2020a\cmake_gui_build\src\gmatutil\gmatutil.dir\release\linear.obj
d:\gmat\gmat-src\gmat-r2020a2\gmat-r2020a\cmake_gui_build\src\gmatutil\gmatutil.dir\release\rmatrix66.obj
d:\gmat\gmat-src\gmat-r2020a2\gmat-r2020a\cmake_gui_build\src\gmatutil\gmatutil.dir\release\stateconversionutil.obj
d:\gmat\gmat-src\gmat-r2020a2\gmat-r2020a\cmake_gui_build\src\gmatutil\gmatutil.dir\release\datawriterinterface.obj
d:\gmat\gmat-src\gmat-r2020a2\gmat-r2020a\cmake_gui_build\src\gmatutil\gmatutil.dir\release\linearinterpolator.obj
d:\gmat\gmat-src\gmat-r2020a2\gmat-r2020a\cmake_gui_build\src\gmatutil\gmatutil.dir\release\schurfactorization.obj
d:\gmat\gmat-src\gmat-r2020a2\gmat-r2020a\cmake_gui_build\src\gmatutil\gmatutil.dir\release\attitudeutil.obj
d:\gmat\gmat-src\gmat-r2020a2\gmat-r2020a\cmake_gui_build\src\gmatutil\gmatutil.dir\release\ccsdsemreader.obj
d:\gmat\gmat-src\gmat-r2020a2\gmat-r2020a\cmake_gui_build\src\gmatutil\gmatutil.dir\release\ephemeris.obj
d:\gmat\gmat-src\gmat-r2020a2\gmat-r2020a\cmake_gui_build\src\gmatutil\gmatutil.dir\release\gregoriandate.obj
d:\gmat\gmat-src\gmat-r2020a2\gmat-r2020a\cmake_gui_build\src\gmatutil\gmatutil.dir\release\messagereceiver.obj
d:\gmat\gmat-src\gmat-r2020a2\gmat-r2020a\cmake_gui_build\src\gmatutil\gmatutil.dir\release\rmatrix.obj
d:\gmat\gmat-src\gmat-r2020a2\gmat-r2020a\cmake_gui_build\src\gmatutil\gmatutil.dir\release\stringutil.obj
d:\gmat\gmat-src\gmat-r2020a2\gmat-r2020a\cmake_gui_build\src\gmatutil\gmatutil.dir\release\lagrangeinterpolator.obj
d:\gmat\gmat-src\gmat-r2020a2\gmat-r2020a\cmake_gui_build\src\gmatutil\gmatutil.dir\release\repeatsunsync.obj
d:\gmat\gmat-src\gmat-r2020a2\gmat-r2020a\cmake_gui_build\src\gmatutil\gmatutil.dir\release\attitudeconversionutility.obj
d:\gmat\gmat-src\gmat-r2020a2\gmat-r2020a\cmake_gui_build\src\gmatutil\gmatutil.dir\release\ccsdsoemsegment.obj
d:\gmat\gmat-src\gmat-r2020a2\gmat-r2020a\cmake_gui_build\src\gmatutil\gmatutil.dir\release\date.obj
d:\gmat\gmat-src\gmat-r2020a2\gmat-r2020a\cmake_gui_build\src\gmatutil\gmatutil.dir\release\fileutil.obj
d:\gmat\gmat-src\gmat-r2020a2\gmat-r2020a\cmake_gui_build\src\gmatutil\gmatutil.dir\release\nplatehistoryfilereader.obj
d:\gmat\gmat-src\gmat-r2020a2\gmat-r2020a\cmake_gui_build\src\gmatutil\gmatutil.dir\release\rvector.obj
d:\gmat\gmat-src\gmat-r2020a2\gmat-r2020a\cmake_gui_build\src\gmatutil\gmatutil.dir\release\utcdate.obj
d:\gmat\gmat-src\gmat-r2020a2\gmat-r2020a\cmake_gui_build\src\gmatutil\gmatutil.dir\release\interpolatorexception.obj
d:\gmat\gmat-src\gmat-r2020a2\gmat-r2020a\cmake_gui_build\src\gmatutil\gmatutil.dir\release\notaknotinterpolator.obj
d:\gmat\gmat-src\gmat-r2020a2\gmat-r2020a\cmake_gui_build\src\gmatutil\gmatutil.dir\release\qrfactorization.obj
d:\gmat\gmat-src\gmat-r2020a2\gmat-r2020a\cmake_gui_build\src\gmatutil\gmatutil.dir\release\bodyfixedstateconverter.obj
d:\gmat\gmat-src\gmat-r2020a2\gmat-r2020a\cmake_gui_build\src\gmatutil\gmatutil.dir\release\ccsdsemsegment.obj
d:\gmat\gmat-src\gmat-r2020a2\gmat-r2020a\cmake_gui_build\src\gmatutil\gmatutil.dir\release\elapsedtime.obj
d:\gmat\gmat-src\gmat-r2020a2\gmat-r2020a\cmake_gui_build\src\gmatutil\gmatutil.dir\release\gmatglobal.obj
d:\gmat\gmat-src\gmat-r2020a2\gmat-r2020a\cmake_gui_build\src\gmatutil\gmatutil.dir\release\ifileupdater.obj
d:\gmat\gmat-src\gmat-r2020a2\gmat-r2020a\cmake_gui_build\src\gmatutil\gmatutil.dir\release\numericjacobian.obj
d:\gmat\gmat-src\gmat-r2020a2\gmat-r2020a\cmake_gui_build\src\gmatutil\gmatutil.dir\release\rvector3.obj
d:\gmat\gmat-src\gmat-r2020a2\gmat-r2020a\cmake_gui_build\src\gmatutil\gmatutil.dir\release\textparser.obj
d:\gmat\gmat-src\gmat-r2020a2\gmat-r2020a\cmake_gui_build\src\gmatutil\gmatutil.dir\release\datawritermaker.obj
d:\gmat\gmat-src\gmat-r2020a2\gmat-r2020a\cmake_gui_build\src\gmatutil\gmatutil.dir\release\hermiteinterpolator.obj
d:\gmat\gmat-src\gmat-r2020a2\gmat-r2020a\cmake_gui_build\src\gmatutil\gmatutil.dir\release\orbitdesignertime.obj
d:\gmat\gmat-src\gmat-r2020a2\gmat-r2020a\cmake_gui_build\src\gmatutil\cmakefiles\generate.stamp
d:\gmat\gmat-src\gmat-r2020a2\gmat-r2020a\cmake_gui_build\src\gmatutil\release\gmatutil.lib
d:\gmat\gmat-src\gmat-r2020a2\gmat-r2020a\cmake_gui_build\src\gmatutil\release\gmatutil.exp
d:\gmat\gmat-src\gmat-r2020a2\gmat-r2020a\application\bin\libgmatutil.dll
d:\gmat\gmat-src\gmat-r2020a2\gmat-r2020a\cmake_gui_build\src\gmatutil\gmatutil.dir\release\gmatutil.tlog\cl.10484.write.1.tlog
d:\gmat\gmat-src\gmat-r2020a2\gmat-r2020a\cmake_gui_build\src\gmatutil\gmatutil.dir\release\gmatutil.tlog\cl.command.1.tlog
d:\gmat\gmat-src\gmat-r2020a2\gmat-r2020a\cmake_gui_build\src\gmatutil\gmatutil.dir\release\gmatutil.tlog\cl.read.1.tlog
d:\gmat\gmat-src\gmat-r2020a2\gmat-r2020a\cmake_gui_build\src\gmatutil\gmatutil.dir\release\gmatutil.tlog\custombuild.command.1.tlog
d:\gmat\gmat-src\gmat-r2020a2\gmat-r2020a\cmake_gui_build\src\gmatutil\gmatutil.dir\release\gmatutil.tlog\custombuild.read.1.tlog
d:\gmat\gmat-src\gmat-r2020a2\gmat-r2020a\cmake_gui_build\src\gmatutil\gmatutil.dir\release\gmatutil.tlog\custombuild.write.1.tlog
d:\gmat\gmat-src\gmat-r2020a2\gmat-r2020a\cmake_gui_build\src\gmatutil\gmatutil.dir\release\gmatutil.tlog\gmatutil.write.1u.tlog
d:\gmat\gmat-src\gmat-r2020a2\gmat-r2020a\cmake_gui_build\src\gmatutil\gmatutil.dir\release\gmatutil.tlog\link.command.1.tlog
d:\gmat\gmat-src\gmat-r2020a2\gmat-r2020a\cmake_gui_build\src\gmatutil\gmatutil.dir\release\gmatutil.tlog\link.read.1.tlog
d:\gmat\gmat-src\gmat-r2020a2\gmat-r2020a\cmake_gui_build\src\gmatutil\gmatutil.dir\release\gmatutil.tlog\link.write.1.tlog
