d:\gmat\gmat-src\gmat-r2020a2\gmat-r2020a\cmake_gui_build\src\gui\gmatgui.dir\release\gmatmainframe.obj
d:\gmat\gmat-src\gmat-r2020a2\gmat-r2020a\cmake_gui_build\src\gui\gmatgui.dir\release\gmatserver.obj
d:\gmat\gmat-src\gmat-r2020a2\gmat-r2020a\cmake_gui_build\src\gui\gmatgui.dir\release\scriptpanel.obj
d:\gmat\gmat-src\gmat-r2020a2\gmat-r2020a\cmake_gui_build\src\gui\gmatgui.dir\release\achievepanel.obj
d:\gmat\gmat-src\gmat-r2020a2\gmat-r2020a\cmake_gui_build\src\gui\gmatgui.dir\release\maneuverpanel.obj
d:\gmat\gmat-src\gmat-r2020a2\gmat-r2020a\cmake_gui_build\src\gui\gmatgui.dir\release\togglepanel.obj
d:\gmat\gmat-src\gmat-r2020a2\gmat-r2020a\cmake_gui_build\src\gui\gmatgui.dir\release\draginputsdialog.obj
d:\gmat\gmat-src\gmat-r2020a2\gmat-r2020a\cmake_gui_build\src\gui\gmatgui.dir\release\gmatsavepanel.obj
d:\gmat\gmat-src\gmat-r2020a2\gmat-r2020a\cmake_gui_build\src\gui\gmatgui.dir\release\showsummarydialog.obj
d:\gmat\gmat-src\gmat-r2020a2\gmat-r2020a\cmake_gui_build\src\gui\gmatgui.dir\release\thrusterconfigpanel.obj
d:\gmat\gmat-src\gmat-r2020a2\gmat-r2020a\cmake_gui_build\src\gui\gmatgui.dir\release\comparereportpanel.obj
d:\gmat\gmat-src\gmat-r2020a2\gmat-r2020a\cmake_gui_build\src\gui\gmatgui.dir\release\camera.obj
d:\gmat\gmat-src\gmat-r2020a2\gmat-r2020a\cmake_gui_build\src\gui\gmatgui.dir\release\modelobject.obj
d:\gmat\gmat-src\gmat-r2020a2\gmat-r2020a\cmake_gui_build\src\gui\gmatgui.dir\release\celesbodyselectdialog.obj
d:\gmat\gmat-src\gmat-r2020a2\gmat-r2020a\cmake_gui_build\src\gui\gmatgui.dir\release\dcsetuppanel.obj
d:\gmat\gmat-src\gmat-r2020a2\gmat-r2020a\cmake_gui_build\src\gui\gmatgui.dir\release\ballisticsmasspanel.obj
d:\gmat\gmat-src\gmat-r2020a2\gmat-r2020a\cmake_gui_build\src\gui\gmatgui.dir\release\tankpanel.obj
d:\gmat\gmat-src\gmat-r2020a2\gmat-r2020a\cmake_gui_build\src\gui\gmatgui.dir\release\groundtrackplotpanel.obj
d:\gmat\gmat-src\gmat-r2020a2\gmat-r2020a\cmake_gui_build\src\gui\gmatgui.dir\release\mditableviewframe.obj
d:\gmat\gmat-src\gmat-r2020a2\gmat-r2020a\cmake_gui_build\src\gui\gmatgui.dir\release\tsplotcurve.obj
d:\gmat\gmat-src\gmat-r2020a2\gmat-r2020a\cmake_gui_build\src\gui\gmatgui.dir\release\viewtextframe.obj
d:\gmat\gmat-src\gmat-r2020a2\gmat-r2020a\cmake_gui_build\src\gui\gmatgui.dir\release\gmatapp.obj
d:\gmat\gmat-src\gmat-r2020a2\gmat-r2020a\cmake_gui_build\src\gui\gmatgui.dir\release\gmatnotebook.obj
d:\gmat\gmat-src\gmat-r2020a2\gmat-r2020a\cmake_gui_build\src\gui\gmatgui.dir\release\setpathdialog.obj
d:\gmat\gmat-src\gmat-r2020a2\gmat-r2020a\cmake_gui_build\src\gui\gmatgui.dir\release\assignmentpanel.obj
d:\gmat\gmat-src\gmat-r2020a2\gmat-r2020a\cmake_gui_build\src\gui\gmatgui.dir\release\minimizepanel.obj
d:\gmat\gmat-src\gmat-r2020a2\gmat-r2020a\cmake_gui_build\src\gui\gmatgui.dir\release\varypanel.obj
d:\gmat\gmat-src\gmat-r2020a2\gmat-r2020a\cmake_gui_build\src\gui\gmatgui.dir\release\arraysetupdialog.obj
d:\gmat\gmat-src\gmat-r2020a2\gmat-r2020a\cmake_gui_build\src\gui\gmatgui.dir\release\gmatstaticboxsizer.obj
d:\gmat\gmat-src\gmat-r2020a2\gmat-r2020a\cmake_gui_build\src\gui\gmatgui.dir\release\showscriptdialog.obj
d:\gmat\gmat-src\gmat-r2020a2\gmat-r2020a\cmake_gui_build\src\gui\gmatgui.dir\release\powersystemconfigpanel.obj
d:\gmat\gmat-src\gmat-r2020a2\gmat-r2020a\cmake_gui_build\src\gui\gmatgui.dir\release\undockedmissionpanel.obj
d:\gmat\gmat-src\gmat-r2020a2\gmat-r2020a\cmake_gui_build\src\gui\gmatgui.dir\release\propagatorselectdialog.obj
d:\gmat\gmat-src\gmat-r2020a2\gmat-r2020a\cmake_gui_build\src\gui\gmatgui.dir\release\structurereader3ds.obj
d:\gmat\gmat-src\gmat-r2020a2\gmat-r2020a\cmake_gui_build\src\gui\gmatgui.dir\release\celestialbodypanel.obj
d:\gmat\gmat-src\gmat-r2020a2\gmat-r2020a\cmake_gui_build\src\gui\gmatgui.dir\release\solvergoalspanel.obj
d:\gmat\gmat-src\gmat-r2020a2\gmat-r2020a\cmake_gui_build\src\gui\gmatgui.dir\release\orbitsummarydialog.obj
d:\gmat\gmat-src\gmat-r2020a2\gmat-r2020a\cmake_gui_build\src\gui\gmatgui.dir\release\visualmodelpanel.obj
d:\gmat\gmat-src\gmat-r2020a2\gmat-r2020a\cmake_gui_build\src\gui\gmatgui.dir\release\mdichildgroundtrackframe.obj
d:\gmat\gmat-src\gmat-r2020a2\gmat-r2020a\cmake_gui_build\src\gui\gmatgui.dir\release\reportfilesetuppanel.obj
d:\gmat\gmat-src\gmat-r2020a2\gmat-r2020a\cmake_gui_build\src\gui\gmatgui.dir\release\editorpreferences.obj
d:\gmat\gmat-src\gmat-r2020a2\gmat-r2020a\cmake_gui_build\src\gui\gmatgui.dir\release\viewtextdialog.obj
d:\gmat\gmat-src\gmat-r2020a2\gmat-r2020a\cmake_gui_build\src\gui\gmatgui.dir\release\gmatappdata.obj
d:\gmat\gmat-src\gmat-r2020a2\gmat-r2020a\cmake_gui_build\src\gui\gmatgui.dir\release\guiinterpreter.obj
d:\gmat\gmat-src\gmat-r2020a2\gmat-r2020a\cmake_gui_build\src\gui\gmatgui.dir\release\resourcetree.obj
d:\gmat\gmat-src\gmat-r2020a2\gmat-r2020a\cmake_gui_build\src\gui\gmatgui.dir\release\beginfiniteburnpanel.obj
d:\gmat\gmat-src\gmat-r2020a2\gmat-r2020a\cmake_gui_build\src\gui\gmatgui.dir\release\nonlinearconstraintpanel.obj
d:\gmat\gmat-src\gmat-r2020a2\gmat-r2020a\cmake_gui_build\src\gui\gmatgui.dir\release\forpanel.obj
d:\gmat\gmat-src\gmat-r2020a2\gmat-r2020a\cmake_gui_build\src\gui\gmatgui.dir\release\arraysetuppanel.obj
d:\gmat\gmat-src\gmat-r2020a2\gmat-r2020a\cmake_gui_build\src\gui\gmatgui.dir\release\guiitemmanager.obj
d:\gmat\gmat-src\gmat-r2020a2\gmat-r2020a\cmake_gui_build\src\gui\gmatgui.dir\release\functionsetuppanel.obj
d:\gmat\gmat-src\gmat-r2020a2\gmat-r2020a\cmake_gui_build\src\gui\gmatgui.dir\release\missiontreetoolbar.obj
d:\gmat\gmat-src\gmat-r2020a2\gmat-r2020a\cmake_gui_build\src\gui\gmatgui.dir\release\wxguiinterface.obj
d:\gmat\gmat-src\gmat-r2020a2\gmat-r2020a\cmake_gui_build\src\gui\gmatgui.dir\release\rendering.obj
d:\gmat\gmat-src\gmat-r2020a2\gmat-r2020a\cmake_gui_build\src\gui\gmatgui.dir\release\celestialbodypropertiespanel.obj
d:\gmat\gmat-src\gmat-r2020a2\gmat-r2020a\cmake_gui_build\src\gui\gmatgui.dir\release\solversetuppanel.obj
d:\gmat\gmat-src\gmat-r2020a2\gmat-r2020a\cmake_gui_build\src\gui\gmatgui.dir\release\spacecraftpanel.obj
d:\gmat\gmat-src\gmat-r2020a2\gmat-r2020a\cmake_gui_build\src\gui\gmatgui.dir\release\ephemerisfilepanel.obj
d:\gmat\gmat-src\gmat-r2020a2\gmat-r2020a\cmake_gui_build\src\gui\gmatgui.dir\release\mdiglplotdata.obj
d:\gmat\gmat-src\gmat-r2020a2\gmat-r2020a\cmake_gui_build\src\gui\gmatgui.dir\release\viewcanvas.obj
d:\gmat\gmat-src\gmat-r2020a2\gmat-r2020a\cmake_gui_build\src\gui\gmatgui.dir\release\scripteditor.obj
d:\gmat\gmat-src\gmat-r2020a2\gmat-r2020a\cmake_gui_build\src\gui\gmatgui.dir\release\comparefilesdialog.obj
d:\gmat\gmat-src\gmat-r2020a2\gmat-r2020a\cmake_gui_build\src\gui\gmatgui.dir\release\guipublisher.obj
d:\gmat\gmat-src\gmat-r2020a2\gmat-r2020a\cmake_gui_build\src\gui\gmatgui.dir\release\gmattreeitemdata.obj
d:\gmat\gmat-src\gmat-r2020a2\gmat-r2020a\cmake_gui_build\src\gui\gmatgui.dir\release\textephemfiledialog.obj
d:\gmat\gmat-src\gmat-r2020a2\gmat-r2020a\cmake_gui_build\src\gui\gmatgui.dir\release\callfunctionpanel.obj
d:\gmat\gmat-src\gmat-r2020a2\gmat-r2020a\cmake_gui_build\src\gui\gmatgui.dir\release\optimizepanel.obj
d:\gmat\gmat-src\gmat-r2020a2\gmat-r2020a\cmake_gui_build\src\gui\gmatgui.dir\release\conditionpanel.obj
d:\gmat\gmat-src\gmat-r2020a2\gmat-r2020a\cmake_gui_build\src\gui\gmatgui.dir\release\gmatcolorpanel.obj
d:\gmat\gmat-src\gmat-r2020a2\gmat-r2020a\cmake_gui_build\src\gui\gmatgui.dir\release\multipathsetuppanel.obj
d:\gmat\gmat-src\gmat-r2020a2\gmat-r2020a\cmake_gui_build\src\gui\gmatgui.dir\release\userinputvalidator.obj
d:\gmat\gmat-src\gmat-r2020a2\gmat-r2020a\cmake_gui_build\src\gui\gmatgui.dir\release\decoratedtree.obj
d:\gmat\gmat-src\gmat-r2020a2\gmat-r2020a\cmake_gui_build\src\gui\gmatgui.dir\release\outputtree.obj
d:\gmat\gmat-src\gmat-r2020a2\gmat-r2020a\cmake_gui_build\src\gui\gmatgui.dir\release\modelmanager.obj
d:\gmat\gmat-src\gmat-r2020a2\gmat-r2020a\cmake_gui_build\src\gui\gmatgui.dir\release\barycenterpanel.obj
d:\gmat\gmat-src\gmat-r2020a2\gmat-r2020a\cmake_gui_build\src\gui\gmatgui.dir\release\universepanel.obj
d:\gmat\gmat-src\gmat-r2020a2\gmat-r2020a\cmake_gui_build\src\gui\gmatgui.dir\release\formationsetuppanel.obj
d:\gmat\gmat-src\gmat-r2020a2\gmat-r2020a\cmake_gui_build\src\gui\gmatgui.dir\release\spaceobjectselectdialog.obj
d:\gmat\gmat-src\gmat-r2020a2\gmat-r2020a\cmake_gui_build\src\gui\gmatgui.dir\release\groundtrackcanvas.obj
d:\gmat\gmat-src\gmat-r2020a2\gmat-r2020a\cmake_gui_build\src\gui\gmatgui.dir\release\orbitviewcanvas.obj
d:\gmat\gmat-src\gmat-r2020a2\gmat-r2020a\cmake_gui_build\src\gui\gmatgui.dir\release\tsplotoptionsdialog.obj
d:\gmat\gmat-src\gmat-r2020a2\gmat-r2020a\cmake_gui_build\src\gui\gmatgui.dir\release\spicepanel.obj
d:\gmat\gmat-src\gmat-r2020a2\gmat-r2020a\cmake_gui_build\src\gui\gmatgui.dir\release\gmatconnection.obj
d:\gmat\gmat-src\gmat-r2020a2\gmat-r2020a\cmake_gui_build\src\gui\gmatgui.dir\release\gmatmenubar.obj
d:\gmat\gmat-src\gmat-r2020a2\gmat-r2020a\cmake_gui_build\src\gui\gmatgui.dir\release\guiplotreceiver.obj
d:\gmat\gmat-src\gmat-r2020a2\gmat-r2020a\cmake_gui_build\src\gui\gmatgui.dir\release\groundstationpanel.obj
d:\gmat\gmat-src\gmat-r2020a2\gmat-r2020a\cmake_gui_build\src\gui\gmatgui.dir\release\gmatcommandpanel.obj
d:\gmat\gmat-src\gmat-r2020a2\gmat-r2020a\cmake_gui_build\src\gui\gmatgui.dir\release\scripteventpanel.obj
d:\gmat\gmat-src\gmat-r2020a2\gmat-r2020a\cmake_gui_build\src\gui\gmatgui.dir\release\coordsystemconfigpanel.obj
d:\gmat\gmat-src\gmat-r2020a2\gmat-r2020a\cmake_gui_build\src\gui\gmatgui.dir\release\gmatmdichildframe.obj
d:\gmat\gmat-src\gmat-r2020a2\gmat-r2020a\cmake_gui_build\src\gui\gmatgui.dir\release\parameterselectdialog.obj
d:\gmat\gmat-src\gmat-r2020a2\gmat-r2020a\cmake_gui_build\src\gui\gmatgui.dir\release\tankandmixdialog.obj
d:\gmat\gmat-src\gmat-r2020a2\gmat-r2020a\cmake_gui_build\src\gui\gmatgui.dir\release\treeviewoptiondialog.obj
d:\gmat\gmat-src\gmat-r2020a2\gmat-r2020a\cmake_gui_build\src\gui\gmatgui.dir\release\propagationconfigpanel.obj
d:\gmat\gmat-src\gmat-r2020a2\gmat-r2020a\cmake_gui_build\src\gui\gmatgui.dir\release\librationpointpanel.obj
d:\gmat\gmat-src\gmat-r2020a2\gmat-r2020a\cmake_gui_build\src\gui\gmatgui.dir\release\attitudepanel.obj
d:\gmat\gmat-src\gmat-r2020a2\gmat-r2020a\cmake_gui_build\src\gui\gmatgui.dir\release\thrusterpanel.obj
d:\gmat\gmat-src\gmat-r2020a2\gmat-r2020a\cmake_gui_build\src\gui\gmatgui.dir\release\mdichild3dviewframe.obj
d:\gmat\gmat-src\gmat-r2020a2\gmat-r2020a\cmake_gui_build\src\gui\gmatgui.dir\release\mditsplotdata.obj
d:\gmat\gmat-src\gmat-r2020a2\gmat-r2020a\cmake_gui_build\src\gui\gmatgui.dir\release\tsplotxycanvas.obj
d:\gmat\gmat-src\gmat-r2020a2\gmat-r2020a\cmake_gui_build\src\gui\gmatgui.dir\release\findreplacedialog.obj
d:\gmat\gmat-src\gmat-r2020a2\gmat-r2020a\cmake_gui_build\src\gui\gmatgui.dir\release\aboutdialog.obj
d:\gmat\gmat-src\gmat-r2020a2\gmat-r2020a\cmake_gui_build\src\gui\gmatgui.dir\release\guimessagereceiver.obj
d:\gmat\gmat-src\gmat-r2020a2\gmat-r2020a\cmake_gui_build\src\gui\gmatgui.dir\release\missiontreeitemdata.obj
d:\gmat\gmat-src\gmat-r2020a2\gmat-r2020a\cmake_gui_build\src\gui\gmatgui.dir\release\welcomepanel.obj
d:\gmat\gmat-src\gmat-r2020a2\gmat-r2020a\cmake_gui_build\src\gui\gmatgui.dir\release\manageobjectpanel.obj
d:\gmat\gmat-src\gmat-r2020a2\gmat-r2020a\cmake_gui_build\src\gui\gmatgui.dir\release\reportpanel.obj
d:\gmat\gmat-src\gmat-r2020a2\gmat-r2020a\cmake_gui_build\src\gui\gmatgui.dir\release\coordpanel.obj
d:\gmat\gmat-src\gmat-r2020a2\gmat-r2020a\cmake_gui_build\src\gui\gmatgui.dir\release\gmatpanel.obj
d:\gmat\gmat-src\gmat-r2020a2\gmat-r2020a\cmake_gui_build\src\gui\gmatgui.dir\release\parametersetuppanel.obj
d:\gmat\gmat-src\gmat-r2020a2\gmat-r2020a\cmake_gui_build\src\gui\gmatgui.dir\release\matlabfunctionsetuppanel.obj
d:\gmat\gmat-src\gmat-r2020a2\gmat-r2020a\cmake_gui_build\src\gui\gmatgui.dir\release\missiontree.obj
d:\gmat\gmat-src\gmat-r2020a2\gmat-r2020a\cmake_gui_build\src\gui\gmatgui.dir\release\gmatopenglsupport.obj
d:\gmat\gmat-src\gmat-r2020a2\gmat-r2020a\cmake_gui_build\src\gui\gmatgui.dir\release\structure.obj
d:\gmat\gmat-src\gmat-r2020a2\gmat-r2020a\cmake_gui_build\src\gui\gmatgui.dir\release\celestialbodyorientationpanel.obj
d:\gmat\gmat-src\gmat-r2020a2\gmat-r2020a\cmake_gui_build\src\gui\gmatgui.dir\release\solvercreatepanel.obj
d:\gmat\gmat-src\gmat-r2020a2\gmat-r2020a\cmake_gui_build\src\gui\gmatgui.dir\release\orbitdesignerdialog.obj
d:\gmat\gmat-src\gmat-r2020a2\gmat-r2020a\cmake_gui_build\src\gui\gmatgui.dir\release\visualmodelcanvas.obj
d:\gmat\gmat-src\gmat-r2020a2\gmat-r2020a\cmake_gui_build\src\gui\gmatgui.dir\release\mdichilddynamicdataframe.obj
d:\gmat\gmat-src\gmat-r2020a2\gmat-r2020a\cmake_gui_build\src\gui\gmatgui.dir\release\orbitviewpanel.obj
d:\gmat\gmat-src\gmat-r2020a2\gmat-r2020a\cmake_gui_build\src\gui\gmatgui.dir\release\editorprintout.obj
d:\gmat\gmat-src\gmat-r2020a2\gmat-r2020a\cmake_gui_build\src\gui\gmatgui.dir\release\comparetextdialog.obj
d:\gmat\gmat-src\gmat-r2020a2\gmat-r2020a\cmake_gui_build\src\gui\gmatgui.dir\release\guilistenermanager.obj
d:\gmat\gmat-src\gmat-r2020a2\gmat-r2020a\cmake_gui_build\src\gui\gmatgui.dir\release\runscriptfolderdialog.obj
d:\gmat\gmat-src\gmat-r2020a2\gmat-r2020a\cmake_gui_build\src\gui\gmatgui.dir\release\impulsiveburnsetuppanel.obj
d:\gmat\gmat-src\gmat-r2020a2\gmat-r2020a\cmake_gui_build\src\gui\gmatgui.dir\release\findeventspanel.obj
d:\gmat\gmat-src\gmat-r2020a2\gmat-r2020a\cmake_gui_build\src\gui\gmatgui.dir\release\propagatepanel.obj
d:\gmat\gmat-src\gmat-r2020a2\gmat-r2020a\cmake_gui_build\src\gui\gmatgui.dir\release\eventlocatorpanel.obj
d:\gmat\gmat-src\gmat-r2020a2\gmat-r2020a\cmake_gui_build\src\gui\gmatgui.dir\release\gmatbasesetuppanel.obj
d:\gmat\gmat-src\gmat-r2020a2\gmat-r2020a\cmake_gui_build\src\gui\gmatgui.dir\release\singlepathsetuppanel.obj
d:\gmat\gmat-src\gmat-r2020a2\gmat-r2020a\cmake_gui_build\src\gui\gmatgui.dir\release\thrustercoefficientdialog.obj
d:\gmat\gmat-src\gmat-r2020a2\gmat-r2020a\cmake_gui_build\src\gui\gmatgui.dir\release\eventfilepanel.obj
d:\gmat\gmat-src\gmat-r2020a2\gmat-r2020a\cmake_gui_build\src\gui\gmatgui.dir\release\glstars.obj
d:\gmat\gmat-src\gmat-r2020a2\gmat-r2020a\cmake_gui_build\src\gui\gmatgui.dir\release\surfacebase.obj
d:\gmat\gmat-src\gmat-r2020a2\gmat-r2020a\cmake_gui_build\src\gui\gmatgui.dir\release\celestialbodyvisualizationpanel.obj
d:\gmat\gmat-src\gmat-r2020a2\gmat-r2020a\cmake_gui_build\src\gui\gmatgui.dir\release\solvervariablespanel.obj
d:\gmat\gmat-src\gmat-r2020a2\gmat-r2020a\cmake_gui_build\src\gui\gmatgui.dir\release\powersystempanel.obj
d:\gmat\gmat-src\gmat-r2020a2\gmat-r2020a\cmake_gui_build\src\gui\gmatgui.dir\release\dynamicdatasettingsdialog.obj
d:\gmat\gmat-src\gmat-r2020a2\gmat-r2020a\cmake_gui_build\src\gui\gmatgui.dir\release\mdichildtsframe.obj
d:\gmat\gmat-src\gmat-r2020a2\gmat-r2020a\cmake_gui_build\src\gui\gmatgui.dir\release\tsplotcanvas.obj
d:\gmat\gmat-src\gmat-r2020a2\gmat-r2020a\cmake_gui_build\src\gui\gmatgui.dir\release\xyplotsetuppanel.obj
d:\gmat\gmat-src\gmat-r2020a2\gmat-r2020a\cmake_gui_build\src\gui\gmatgui.dir\release\fileupdatedialog.obj
d:\gmat\gmat-src\gmat-r2020a2\gmat-r2020a\cmake_gui_build\src\gui\gmatgui.dir\release\gmattoolbar.obj
d:\gmat\gmat-src\gmat-r2020a2\gmat-r2020a\cmake_gui_build\src\gui\gmatgui.dir\release\interactivematlabdialog.obj
d:\gmat\gmat-src\gmat-r2020a2\gmat-r2020a\cmake_gui_build\src\gui\gmatgui.dir\release\finiteburnsetuppanel.obj
d:\gmat\gmat-src\gmat-r2020a2\gmat-r2020a\cmake_gui_build\src\gui\gmatgui.dir\release\endfiniteburnpanel.obj
d:\gmat\gmat-src\gmat-r2020a2\gmat-r2020a\cmake_gui_build\src\gui\gmatgui.dir\release\targetpanel.obj
d:\gmat\gmat-src\gmat-r2020a2\gmat-r2020a\cmake_gui_build\src\gui\gmatgui.dir\release\coordsyscreatedialog.obj
d:\gmat\gmat-src\gmat-r2020a2\gmat-r2020a\cmake_gui_build\src\gui\gmatgui.dir\release\gmatdialog.obj
d:\gmat\gmat-src\gmat-r2020a2\gmat-r2020a\cmake_gui_build\src\gui\gmatgui.dir\release\parametercreatedialog.obj
d:\gmat\gmat-src\gmat-r2020a2\gmat-r2020a\cmake_gui_build\src\gui\gmatgui.dir\release\burnthrusterpanel.obj
d:\gmat\gmat-src\gmat-r2020a2\gmat-r2020a\cmake_gui_build\src\gui\gmatgui.dir\release\reportfilepanel.obj
d:\gmat\gmat-src\gmat-r2020a2\gmat-r2020a\cmake_gui_build\src\gui\gmatgui.dir\release\light.obj
d:\gmat\gmat-src\gmat-r2020a2\gmat-r2020a\cmake_gui_build\src\gui\gmatgui.dir\release\structurereader.obj
d:\gmat\gmat-src\gmat-r2020a2\gmat-r2020a\cmake_gui_build\src\gui\gmatgui.dir\release\celestialbodyorbitpanel.obj
d:\gmat\gmat-src\gmat-r2020a2\gmat-r2020a\cmake_gui_build\src\gui\gmatgui.dir\release\sqpsetuppanel.obj
d:\gmat\gmat-src\gmat-r2020a2\gmat-r2020a\cmake_gui_build\src\gui\gmatgui.dir\release\orbitpanel.obj
d:\gmat\gmat-src\gmat-r2020a2\gmat-r2020a\cmake_gui_build\src\gui\gmatgui.dir\release\dynamicdatadisplaysetuppanel.obj
d:\gmat\gmat-src\gmat-r2020a2\gmat-r2020a\cmake_gui_build\src\gui\gmatgui.dir\release\mdichildviewframe.obj
d:\gmat\gmat-src\gmat-r2020a2\gmat-r2020a\cmake_gui_build\src\gui\gmatgui.dir\release\subscribersetuppanel.obj
d:\gmat\gmat-src\gmat-r2020a2\gmat-r2020a\cmake_gui_build\src\gui\gmatgui.dir\release\editorpanel.obj
d:\gmat\gmat-src\gmat-r2020a2\gmat-r2020a\cmake_gui_build\src\gui\cmakefiles\generate.stamp
d:\gmat\gmat-src\gmat-r2020a2\gmat-r2020a\application\bin\gmat.exe
d:\gmat\gmat-src\gmat-r2020a2\gmat-r2020a\cmake_gui_build\src\gui\gmatgui.dir\release\gmaticon.res
d:\gmat\gmat-src\gmat-r2020a2\gmat-r2020a\cmake_gui_build\src\gui\gmatgui.dir\release\gmatgui.tlog\cl.1164.write.1.tlog
d:\gmat\gmat-src\gmat-r2020a2\gmat-r2020a\cmake_gui_build\src\gui\gmatgui.dir\release\gmatgui.tlog\cl.command.1.tlog
d:\gmat\gmat-src\gmat-r2020a2\gmat-r2020a\cmake_gui_build\src\gui\gmatgui.dir\release\gmatgui.tlog\cl.read.1.tlog
d:\gmat\gmat-src\gmat-r2020a2\gmat-r2020a\cmake_gui_build\src\gui\gmatgui.dir\release\gmatgui.tlog\custombuild.command.1.tlog
d:\gmat\gmat-src\gmat-r2020a2\gmat-r2020a\cmake_gui_build\src\gui\gmatgui.dir\release\gmatgui.tlog\custombuild.read.1.tlog
d:\gmat\gmat-src\gmat-r2020a2\gmat-r2020a\cmake_gui_build\src\gui\gmatgui.dir\release\gmatgui.tlog\custombuild.write.1.tlog
d:\gmat\gmat-src\gmat-r2020a2\gmat-r2020a\cmake_gui_build\src\gui\gmatgui.dir\release\gmatgui.tlog\link.command.1.tlog
d:\gmat\gmat-src\gmat-r2020a2\gmat-r2020a\cmake_gui_build\src\gui\gmatgui.dir\release\gmatgui.tlog\link.read.1.tlog
d:\gmat\gmat-src\gmat-r2020a2\gmat-r2020a\cmake_gui_build\src\gui\gmatgui.dir\release\gmatgui.tlog\link.write.1.tlog
d:\gmat\gmat-src\gmat-r2020a2\gmat-r2020a\cmake_gui_build\src\gui\gmatgui.dir\release\gmatgui.tlog\rc.command.1.tlog
d:\gmat\gmat-src\gmat-r2020a2\gmat-r2020a\cmake_gui_build\src\gui\gmatgui.dir\release\gmatgui.tlog\rc.read.1.tlog
d:\gmat\gmat-src\gmat-r2020a2\gmat-r2020a\cmake_gui_build\src\gui\gmatgui.dir\release\gmatgui.tlog\rc.write.1.tlog
