  Building Custom Rule D:/GMAT/gmat-src/GMAT-r2020a2/GMAT-R2020a/src/gui/CMakeLists.txt
  CMake does not need to re-run because D:/GMAT/gmat-src/GMAT-r2020a2/GMAT-R2020a/cmake_gui_build/src/gui/CMakeFiles/generate.stamp is up-to-date.
  AboutDialog.cpp
  FileUpdateDialog.cpp
  GmatApp.cpp
  GmatAppData.cpp
  CompareFilesDialog.cpp
  CompareTextDialog.cpp
  GmatConnection.cpp
  GmatMainFrame.cpp
C:\Program Files (x86)\Windows Kits\10\Include\10.0.18362.0\ucrt\corecrt_math_defines.h(22): warning C4005: “M_PI”: 宏重定义 (编译源文件 D:\GMAT\gmat-src\GMAT-r2020a2\GMAT-R2020a\src\gui\app\GmatConnection.cpp)
  D:\GMAT\gmat-src\GMAT-r2020a2\GMAT-R2020a\depends\wxWidgets\wxWidgets-3.0.4\include\wx/math.h(32): note: 参见“M_PI”的前一个定义 (编译源文件 D:\GMAT\gmat-src\GMAT-r2020a2\GMAT-R2020a\src\gui\app\GmatConnection.cpp)
  GmatMenuBar.cpp
  GmatToolBar.cpp
  GuiInterpreter.cpp
  GuiListenerManager.cpp
  GuiMessageReceiver.cpp
  GuiPublisher.cpp
  GmatNotebook.cpp
  GmatServer.cpp
  GmatTreeItemData.cpp
  GuiPlotReceiver.cpp
  InteractiveMatlabDialog.cpp
  MissionTreeItemData.cpp
  RunScriptFolderDialog.cpp
  ResourceTree.cpp
  ScriptPanel.cpp
  SetPathDialog.cpp
  TextEphemFileDialog.cpp
  WelcomePanel.cpp
  GroundStationPanel.cpp
  FiniteBurnSetupPanel.cpp
  ImpulsiveBurnSetupPanel.cpp
  AchievePanel.cpp
  AssignmentPanel.cpp
  BeginFiniteBurnPanel.cpp
  CallFunctionPanel.cpp
  EndFiniteBurnPanel.cpp
  FindEventsPanel.cpp
  GmatCommandPanel.cpp
  ManageObjectPanel.cpp
  ManeuverPanel.cpp
  MinimizePanel.cpp
  NonlinearConstraintPanel.cpp
  OptimizePanel.cpp
  PropagatePanel.cpp
  ReportPanel.cpp
  ScriptEventPanel.cpp
  TargetPanel.cpp
  TogglePanel.cpp
  VaryPanel.cpp
  ForPanel.cpp
  ConditionPanel.cpp
  CoordPanel.cpp
  CoordSysCreateDialog.cpp
  CoordSystemConfigPanel.cpp
  EventLocatorPanel.cpp
  DragInputsDialog.cpp
  ArraySetupDialog.cpp
  ArraySetupPanel.cpp
  GmatColorPanel.cpp
  GmatDialog.cpp
  GmatMdiChildFrame.cpp
  GmatPanel.cpp
  GmatBaseSetupPanel.cpp
  GmatSavePanel.cpp
  GmatStaticBoxSizer.cpp
  GuiItemManager.cpp
  MultiPathSetupPanel.cpp
  ParameterCreateDialog.cpp
  ParameterSelectDialog.cpp
  ParameterSetupPanel.cpp
  ShowScriptDialog.cpp
  ShowSummaryDialog.cpp
  SinglePathSetupPanel.cpp
  UserInputValidator.cpp
  FunctionSetupPanel.cpp
  MatlabFunctionSetupPanel.cpp
  BurnThrusterPanel.cpp
  PowerSystemConfigPanel.cpp
  TankAndMixDialog.cpp
  ThrusterCoefficientDialog.cpp
  ThrusterConfigPanel.cpp
  DecoratedTree.cpp
  MissionTree.cpp
  MissionTreeToolBar.cpp
  TreeViewOptionDialog.cpp
  UndockedMissionPanel.cpp
  CompareReportPanel.cpp
  EventFilePanel.cpp
  OutputTree.cpp
  ReportFilePanel.cpp
  WxGuiInterface.cpp
  PropagationConfigPanel.cpp
  PropagatorSelectDialog.cpp
  Camera.cpp
  GLStars.cpp
  GmatOpenGLSupport.cpp
  Light.cpp
  ModelManager.cpp
  ModelObject.cpp
  Rendering.cpp
  Structure.cpp
  StructureReader.cpp
  StructureReader3ds.cpp
  SurfaceBase.cpp
  BarycenterPanel.cpp
  CelesBodySelectDialog.cpp
  CelestialBodyOrbitPanel.cpp
  CelestialBodyOrientationPanel.cpp
  CelestialBodyPanel.cpp
  CelestialBodyPropertiesPanel.cpp
  CelestialBodyVisualizationPanel.cpp
  LibrationPointPanel.cpp
  UniversePanel.cpp
  DCSetupPanel.cpp
  SQPSetupPanel.cpp
  SolverCreatePanel.cpp
  SolverGoalsPanel.cpp
  SolverSetupPanel.cpp
  SolverVariablesPanel.cpp
  AttitudePanel.cpp
  BallisticsMassPanel.cpp
  FormationSetupPanel.cpp
  OrbitDesignerDialog.cpp
  OrbitPanel.cpp
  OrbitSummaryDialog.cpp
  PowerSystemPanel.cpp
  SpacecraftPanel.cpp
  SpaceObjectSelectDialog.cpp
  TankPanel.cpp
  ThrusterPanel.cpp
  VisualModelCanvas.cpp
  VisualModelPanel.cpp
  DynamicDataDisplaySetupPanel.cpp
  DynamicDataSettingsDialog.cpp
  EphemerisFilePanel.cpp
  GroundTrackCanvas.cpp
  GroundTrackPlotPanel.cpp
  MdiChild3DViewFrame.cpp
  MdiChildDynamicDataFrame.cpp
  MdiChildGroundTrackFrame.cpp
  MdiChildViewFrame.cpp
  MdiChildTsFrame.cpp
  MdiGlPlotData.cpp
  MdiTableViewFrame.cpp
  MdiTsPlotData.cpp
  OrbitViewCanvas.cpp
  OrbitViewPanel.cpp
  ReportFileSetupPanel.cpp
  SubscriberSetupPanel.cpp
  ViewCanvas.cpp
  TsPlotCanvas.cpp
  TsPlotXYCanvas.cpp
  TsPlotCurve.cpp
  TsPlotOptionsDialog.cpp
  XyPlotSetupPanel.cpp
  EditorPanel.cpp
  EditorPreferences.cpp
  EditorPrintout.cpp
  FindReplaceDialog.cpp
  ScriptEditor.cpp
  ViewTextDialog.cpp
  ViewTextFrame.cpp
  SpicePanel.cpp
  GmatGUI.vcxproj -> D:\GMAT\gmat-src\GMAT-r2020a2\GMAT-R2020a\application\bin\GMAT.exe
