d:\gmat\gmat-src\gmat-r2020a2\gmat-r2020a\cmake_gui_build\plugins\eventlocatorplugin\src\base\eventlocator.dir\release\contactevent.obj
d:\gmat\gmat-src\gmat-r2020a2\gmat-r2020a\cmake_gui_build\plugins\eventlocatorplugin\src\base\eventlocator.dir\release\eclipsetotalevent.obj
d:\gmat\gmat-src\gmat-r2020a2\gmat-r2020a\cmake_gui_build\plugins\eventlocatorplugin\src\base\eventlocator.dir\release\eclipselocator.obj
d:\gmat\gmat-src\gmat-r2020a2\gmat-r2020a\cmake_gui_build\plugins\eventlocatorplugin\src\base\eventlocator.dir\release\eclipseevent.obj
d:\gmat\gmat-src\gmat-r2020a2\gmat-r2020a\cmake_gui_build\plugins\eventlocatorplugin\src\base\eventlocator.dir\release\contactlocator.obj
d:\gmat\gmat-src\gmat-r2020a2\gmat-r2020a\cmake_gui_build\plugins\eventlocatorplugin\src\base\eventlocator.dir\release\contactresult.obj
d:\gmat\gmat-src\gmat-r2020a2\gmat-r2020a\cmake_gui_build\plugins\eventlocatorplugin\src\base\eventlocator.dir\release\eventlocatorfactory.obj
d:\gmat\gmat-src\gmat-r2020a2\gmat-r2020a\cmake_gui_build\plugins\eventlocatorplugin\src\base\eventlocator.dir\release\gmatpluginfunctions.obj
d:\gmat\gmat-src\gmat-r2020a2\gmat-r2020a\cmake_gui_build\plugins\eventlocatorplugin\src\base\cmakefiles\generate.stamp
d:\gmat\gmat-src\gmat-r2020a2\gmat-r2020a\application\plugins\libeventlocator.dll
d:\gmat\gmat-src\gmat-r2020a2\gmat-r2020a\cmake_gui_build\plugins\eventlocatorplugin\src\base\release\eventlocator.lib
d:\gmat\gmat-src\gmat-r2020a2\gmat-r2020a\cmake_gui_build\plugins\eventlocatorplugin\src\base\release\eventlocator.exp
d:\gmat\gmat-src\gmat-r2020a2\gmat-r2020a\cmake_gui_build\plugins\eventlocatorplugin\src\base\eventlocator.dir\release\plugin e.69013405.tlog\cl.13648.write.1.tlog
d:\gmat\gmat-src\gmat-r2020a2\gmat-r2020a\cmake_gui_build\plugins\eventlocatorplugin\src\base\eventlocator.dir\release\plugin e.69013405.tlog\cl.command.1.tlog
d:\gmat\gmat-src\gmat-r2020a2\gmat-r2020a\cmake_gui_build\plugins\eventlocatorplugin\src\base\eventlocator.dir\release\plugin e.69013405.tlog\cl.read.1.tlog
d:\gmat\gmat-src\gmat-r2020a2\gmat-r2020a\cmake_gui_build\plugins\eventlocatorplugin\src\base\eventlocator.dir\release\plugin e.69013405.tlog\custombuild.command.1.tlog
d:\gmat\gmat-src\gmat-r2020a2\gmat-r2020a\cmake_gui_build\plugins\eventlocatorplugin\src\base\eventlocator.dir\release\plugin e.69013405.tlog\custombuild.read.1.tlog
d:\gmat\gmat-src\gmat-r2020a2\gmat-r2020a\cmake_gui_build\plugins\eventlocatorplugin\src\base\eventlocator.dir\release\plugin e.69013405.tlog\custombuild.write.1.tlog
d:\gmat\gmat-src\gmat-r2020a2\gmat-r2020a\cmake_gui_build\plugins\eventlocatorplugin\src\base\eventlocator.dir\release\plugin e.69013405.tlog\link.command.1.tlog
d:\gmat\gmat-src\gmat-r2020a2\gmat-r2020a\cmake_gui_build\plugins\eventlocatorplugin\src\base\eventlocator.dir\release\plugin e.69013405.tlog\link.read.1.tlog
d:\gmat\gmat-src\gmat-r2020a2\gmat-r2020a\cmake_gui_build\plugins\eventlocatorplugin\src\base\eventlocator.dir\release\plugin e.69013405.tlog\link.write.1.tlog
d:\gmat\gmat-src\gmat-r2020a2\gmat-r2020a\cmake_gui_build\plugins\eventlocatorplugin\src\base\eventlocator.dir\release\plugin e.69013405.tlog\plugin eventlocator.write.1u.tlog
