d:\gmat\gmat-src\gmat-r2020a2\gmat-r2020a\cmake_gui_build\plugins\yukonoptimizerplugin\src\base\yukonoptimizer.dir\release\yukonoptimizerfactory.obj
d:\gmat\gmat-src\gmat-r2020a2\gmat-r2020a\cmake_gui_build\plugins\yukonoptimizerplugin\src\base\yukonoptimizer.dir\release\gmatpluginfunctions.obj
d:\gmat\gmat-src\gmat-r2020a2\gmat-r2020a\cmake_gui_build\plugins\yukonoptimizerplugin\src\base\yukonoptimizer.dir\release\gmatprobleminterface.obj
d:\gmat\gmat-src\gmat-r2020a2\gmat-r2020a\cmake_gui_build\plugins\yukonoptimizerplugin\src\base\yukonoptimizer.dir\release\yukonad.obj
d:\gmat\gmat-src\gmat-r2020a2\gmat-r2020a\cmake_gui_build\plugins\yukonoptimizerplugin\src\base\yukonoptimizer.dir\release\yukonuserproblem.obj
d:\gmat\gmat-src\gmat-r2020a2\gmat-r2020a\cmake_gui_build\plugins\yukonoptimizerplugin\src\base\yukonoptimizer.dir\release\yukon.obj
d:\gmat\gmat-src\gmat-r2020a2\gmat-r2020a\cmake_gui_build\plugins\yukonoptimizerplugin\src\base\yukonoptimizer.dir\release\nlpfunctiongenerator.obj
d:\gmat\gmat-src\gmat-r2020a2\gmat-r2020a\cmake_gui_build\plugins\yukonoptimizerplugin\src\base\yukonoptimizer.dir\release\minqp.obj
d:\gmat\gmat-src\gmat-r2020a2\gmat-r2020a\cmake_gui_build\plugins\yukonoptimizerplugin\src\base\cmakefiles\generate.stamp
d:\gmat\gmat-src\gmat-r2020a2\gmat-r2020a\application\plugins\libyukonoptimizer.dll
d:\gmat\gmat-src\gmat-r2020a2\gmat-r2020a\cmake_gui_build\plugins\yukonoptimizerplugin\src\base\release\yukonoptimizer.lib
d:\gmat\gmat-src\gmat-r2020a2\gmat-r2020a\cmake_gui_build\plugins\yukonoptimizerplugin\src\base\release\yukonoptimizer.exp
d:\gmat\gmat-src\gmat-r2020a2\gmat-r2020a\cmake_gui_build\plugins\yukonoptimizerplugin\src\base\yukonoptimizer.dir\release\plugin y.e30dbe7c.tlog\cl.12516.write.1.tlog
d:\gmat\gmat-src\gmat-r2020a2\gmat-r2020a\cmake_gui_build\plugins\yukonoptimizerplugin\src\base\yukonoptimizer.dir\release\plugin y.e30dbe7c.tlog\cl.command.1.tlog
d:\gmat\gmat-src\gmat-r2020a2\gmat-r2020a\cmake_gui_build\plugins\yukonoptimizerplugin\src\base\yukonoptimizer.dir\release\plugin y.e30dbe7c.tlog\cl.read.1.tlog
d:\gmat\gmat-src\gmat-r2020a2\gmat-r2020a\cmake_gui_build\plugins\yukonoptimizerplugin\src\base\yukonoptimizer.dir\release\plugin y.e30dbe7c.tlog\custombuild.command.1.tlog
d:\gmat\gmat-src\gmat-r2020a2\gmat-r2020a\cmake_gui_build\plugins\yukonoptimizerplugin\src\base\yukonoptimizer.dir\release\plugin y.e30dbe7c.tlog\custombuild.read.1.tlog
d:\gmat\gmat-src\gmat-r2020a2\gmat-r2020a\cmake_gui_build\plugins\yukonoptimizerplugin\src\base\yukonoptimizer.dir\release\plugin y.e30dbe7c.tlog\custombuild.write.1.tlog
d:\gmat\gmat-src\gmat-r2020a2\gmat-r2020a\cmake_gui_build\plugins\yukonoptimizerplugin\src\base\yukonoptimizer.dir\release\plugin y.e30dbe7c.tlog\link.command.1.tlog
d:\gmat\gmat-src\gmat-r2020a2\gmat-r2020a\cmake_gui_build\plugins\yukonoptimizerplugin\src\base\yukonoptimizer.dir\release\plugin y.e30dbe7c.tlog\link.read.1.tlog
d:\gmat\gmat-src\gmat-r2020a2\gmat-r2020a\cmake_gui_build\plugins\yukonoptimizerplugin\src\base\yukonoptimizer.dir\release\plugin y.e30dbe7c.tlog\link.write.1.tlog
d:\gmat\gmat-src\gmat-r2020a2\gmat-r2020a\cmake_gui_build\plugins\yukonoptimizerplugin\src\base\yukonoptimizer.dir\release\plugin y.e30dbe7c.tlog\plugin yukonoptimizer.write.1u.tlog
