d:\gmat\gmat-src\gmat-r2020a2\gmat-r2020a\cmake_gui_build\plugins\datainterfaceplugin\src\base\datainterface.dir\release\datainterface.obj
d:\gmat\gmat-src\gmat-r2020a2\gmat-r2020a\cmake_gui_build\plugins\datainterfaceplugin\src\base\datainterface.dir\release\datainterfacefactory.obj
d:\gmat\gmat-src\gmat-r2020a2\gmat-r2020a\cmake_gui_build\plugins\datainterfaceplugin\src\base\datainterface.dir\release\tcopsvhfdata.obj
d:\gmat\gmat-src\gmat-r2020a2\gmat-r2020a\cmake_gui_build\plugins\datainterfaceplugin\src\base\datainterface.dir\release\fileinterface.obj
d:\gmat\gmat-src\gmat-r2020a2\gmat-r2020a\cmake_gui_build\plugins\datainterfaceplugin\src\base\datainterface.dir\release\readerfactory.obj
d:\gmat\gmat-src\gmat-r2020a2\gmat-r2020a\cmake_gui_build\plugins\datainterfaceplugin\src\base\datainterface.dir\release\tcopsvhfascii.obj
d:\gmat\gmat-src\gmat-r2020a2\gmat-r2020a\cmake_gui_build\plugins\datainterfaceplugin\src\base\datainterface.dir\release\set.obj
d:\gmat\gmat-src\gmat-r2020a2\gmat-r2020a\cmake_gui_build\plugins\datainterfaceplugin\src\base\datainterface.dir\release\datainterfacecommandfactory.obj
d:\gmat\gmat-src\gmat-r2020a2\gmat-r2020a\cmake_gui_build\plugins\datainterfaceplugin\src\base\datainterface.dir\release\filereader.obj
d:\gmat\gmat-src\gmat-r2020a2\gmat-r2020a\cmake_gui_build\plugins\datainterfaceplugin\src\base\datainterface.dir\release\gmatpluginfunctions.obj
d:\gmat\gmat-src\gmat-r2020a2\gmat-r2020a\cmake_gui_build\plugins\datainterfaceplugin\src\base\datainterface.dir\release\datareader.obj
d:\gmat\gmat-src\gmat-r2020a2\gmat-r2020a\cmake_gui_build\plugins\datainterfaceplugin\src\base\cmakefiles\generate.stamp
d:\gmat\gmat-src\gmat-r2020a2\gmat-r2020a\application\plugins\libdatainterface.dll
d:\gmat\gmat-src\gmat-r2020a2\gmat-r2020a\cmake_gui_build\plugins\datainterfaceplugin\src\base\release\datainterface.lib
d:\gmat\gmat-src\gmat-r2020a2\gmat-r2020a\cmake_gui_build\plugins\datainterfaceplugin\src\base\release\datainterface.exp
d:\gmat\gmat-src\gmat-r2020a2\gmat-r2020a\cmake_gui_build\plugins\datainterfaceplugin\src\base\datainterface.dir\release\plugin d.e0c6a29f.tlog\cl.10892.write.1.tlog
d:\gmat\gmat-src\gmat-r2020a2\gmat-r2020a\cmake_gui_build\plugins\datainterfaceplugin\src\base\datainterface.dir\release\plugin d.e0c6a29f.tlog\cl.command.1.tlog
d:\gmat\gmat-src\gmat-r2020a2\gmat-r2020a\cmake_gui_build\plugins\datainterfaceplugin\src\base\datainterface.dir\release\plugin d.e0c6a29f.tlog\cl.read.1.tlog
d:\gmat\gmat-src\gmat-r2020a2\gmat-r2020a\cmake_gui_build\plugins\datainterfaceplugin\src\base\datainterface.dir\release\plugin d.e0c6a29f.tlog\custombuild.command.1.tlog
d:\gmat\gmat-src\gmat-r2020a2\gmat-r2020a\cmake_gui_build\plugins\datainterfaceplugin\src\base\datainterface.dir\release\plugin d.e0c6a29f.tlog\custombuild.read.1.tlog
d:\gmat\gmat-src\gmat-r2020a2\gmat-r2020a\cmake_gui_build\plugins\datainterfaceplugin\src\base\datainterface.dir\release\plugin d.e0c6a29f.tlog\custombuild.write.1.tlog
d:\gmat\gmat-src\gmat-r2020a2\gmat-r2020a\cmake_gui_build\plugins\datainterfaceplugin\src\base\datainterface.dir\release\plugin d.e0c6a29f.tlog\link.command.1.tlog
d:\gmat\gmat-src\gmat-r2020a2\gmat-r2020a\cmake_gui_build\plugins\datainterfaceplugin\src\base\datainterface.dir\release\plugin d.e0c6a29f.tlog\link.read.1.tlog
d:\gmat\gmat-src\gmat-r2020a2\gmat-r2020a\cmake_gui_build\plugins\datainterfaceplugin\src\base\datainterface.dir\release\plugin d.e0c6a29f.tlog\link.write.1.tlog
d:\gmat\gmat-src\gmat-r2020a2\gmat-r2020a\cmake_gui_build\plugins\datainterfaceplugin\src\base\datainterface.dir\release\plugin d.e0c6a29f.tlog\plugin datainterface.write.1u.tlog
