  Building Custom Rule D:/GMAT/gmat-src/GMAT-r2020a2/GMAT-R2020a/src/base/CMakeLists.txt
  CMake does not need to re-run because D:/GMAT/gmat-src/GMAT-r2020a2/GMAT-R2020a/cmake_gui_build/src/base/CMakeFiles/generate.stamp is up-to-date.
  APIFunctions.cpp
  APIException.cpp
  APIMessageReceiver.cpp
  HelpSystem.cpp
  AssetException.cpp
  BodyFixedPoint.cpp
  GroundstationInterface.cpp
  Attitude.cpp
  AttitudeException.cpp
  CCSDSAttitude.cpp
  CSFixed.cpp
  Kinematic.cpp
  NadirPointing.cpp
  PrecessingSpinner.cpp
  Spinner.cpp
  ThreeAxisKinematic.cpp
  BurnException.cpp
  Burn.cpp
  FiniteBurn.cpp
  ImpulsiveBurn.cpp
  InertialManeuverFrame.cpp
  ManeuverFrameManager.cpp
  ManeuverFrame.cpp
  VnbManeuverFrame.cpp
  Achieve.cpp
  Assignment.cpp
  BeginFiniteBurn.cpp
  BeginFunction.cpp
  BeginMissionSequence.cpp
  BeginScript.cpp
  BranchCommand.cpp
  CallFunction.cpp
  CallBuiltinGmatFunction.cpp
  CommandException.cpp
  FindEvents.cpp
  GmatCommand.cpp
  CommandUtil.cpp
  ClearPlot.cpp
  ConditionalBranch.cpp
  Create.cpp
  Else.cpp
  EndFiniteBurn.cpp
  EndFor.cpp
  EndFunction.cpp
  EndIf.cpp
  EndOptimize.cpp
  EndScript.cpp
  EndTarget.cpp
  EndWhile.cpp
  For.cpp
  If.cpp
  ManageObject.cpp
  Maneuver.cpp
  MarkPoint.cpp
  Minimize.cpp
  NonlinearConstraint.cpp
  NoOp.cpp
  Optimize.cpp
  PenDown.cpp
  PenUp.cpp
  Propagate.cpp
  PropagationEnabledCommand.cpp
  PlotCommand.cpp
  SolverSequenceCommand.cpp
  RHSEquation.cpp
  Report.cpp
  RunSolver.cpp
  SaveMission.cpp
  SolverBranchCommand.cpp
  Stop.cpp
  Target.cpp
  Toggle.cpp
  UpdateDynamicData.cpp
  Vary.cpp
  While.cpp
  Write.cpp
  ConfigManagerException.cpp
  ConfigManager.cpp
  ItemManager.cpp
  PluginItemManager.cpp
  AxisSystem.cpp
  BodyFixedAxes.cpp
  BodyInertialAxes.cpp
  CoordinateBase.cpp
  CoordinateConverter.cpp
  CoordinateSystemException.cpp
  CoordinateSystem.cpp
  CoordinateTransformation.cpp
  CoordinateTranslation.cpp
  DynamicAxes.cpp
  EquatorAxes.cpp
  GeocentricSolarEclipticAxes.cpp
  GeocentricSolarMagneticAxes.cpp
  InertialAxes.cpp
  ItrfCoefficientsFile.cpp
  LocalAlignedConstrainedAxes.cpp
  MeanOfDateAxes.cpp
  MJ2000EcAxes.cpp
  MJ2000EqAxes.cpp
  MODEcAxes.cpp
  MODEqAxes.cpp
  MOEEcAxes.cpp
  MOEEqAxes.cpp
  ObjectReferencedAxes.cpp
  TODEcAxes.cpp
  TODEqAxes.cpp
  TOEEcAxes.cpp
  TOEEqAxes.cpp
  TopocentricAxes.cpp
  TransformUtil.cpp
  TrueOfDateAxes.cpp
  ICRFAxes.cpp
  ICRFFile.cpp
  ITRFAxes.cpp
  IAUFile.cpp
  BodySpinSunAxes.cpp
  EventException.cpp
  EventLocator.cpp
  LocatedEvent.cpp
D:\GMAT\gmat-src\GMAT-r2020a2\GMAT-R2020a\src\base\coordsystem\IAUFile.cpp(198): warning C4244: “初始化”: 从“Real”转换到“Integer”，可能丢失数据
  ListenerManager.cpp
  ListenerManagerInterface.cpp
  Moderator.cpp
  PlotInterface.cpp
  PlotReceiver.cpp
  PublisherException.cpp
  Publisher.cpp
  SandboxException.cpp
  Sandbox.cpp
  AtmosphereFactory.cpp
  AttitudeFactory.cpp
  AxisSystemFactory.cpp
  BurnFactory.cpp
  CalculatedPointFactory.cpp
  CelestialBodyFactory.cpp
  CommandFactory.cpp
  CoordinateSystemFactory.cpp
  FactoryException.cpp
  FactoryManager.cpp
  Factory.cpp
  FunctionFactory.cpp
  HardwareFactory.cpp
  FieldOfViewFactory.cpp
  InterfaceFactory.cpp
  MathFactory.cpp
  ODEModelFactory.cpp
  ParameterFactory.cpp
  PhysicalModelFactory.cpp
  PlateFactory.cpp
  PropagatorFactory.cpp
  PropSetupFactory.cpp
  SolarSystemFactory.cpp
  SolverFactory.cpp
  SpacecraftFactory.cpp
  StopConditionFactory.cpp
  SubscriberFactory.cpp
  GuiFactory.cpp
  GmatWidget.cpp
  PluginWidget.cpp
  DragForce.cpp
  FiniteThrust.cpp
  ODEModelException.cpp
  ODEModel.cpp
  GravityField.cpp
  GravityBase.cpp
  HarmonicField.cpp
  NumericJacobianOriginal.cpp
  PhysicalModel.cpp
D:\GMAT\gmat-src\GMAT-r2020a2\GMAT-R2020a\src\base\forcemodel\ODEModel.cpp(2683): warning C4311: “类型强制转换”: 从“GmatBase *”到“unsigned long”的指针截断
D:\GMAT\gmat-src\GMAT-r2020a2\GMAT-R2020a\src\base\forcemodel\ODEModel.cpp(2683): warning C4302: “类型强制转换”: 从“GmatBase *”到“unsigned long”截断
  PointMassForce.cpp
  SolarRadiationPressure.cpp
  RelativisticCorrection.cpp
  Harmonic.cpp
  HarmonicGravity.cpp
  Covariance.cpp
  ElementWrapper.cpp
  EquationInitializer.cpp
  FileUpdaterSVN.cpp
  GmatBaseException.cpp
D:\GMAT\gmat-src\GMAT-r2020a2\GMAT-R2020a\src\base\forcemodel\harmonic\HarmonicGravity.cpp(234): warning C4244: “=”: 从“Real”转换到“Integer”，可能丢失数据
  GmatBase.cpp
  GmatState.cpp
  GmatType.cpp
  IChangeListener.cpp
  ObjectInitializer.cpp
  SpacePoint.cpp
  StateManager.cpp
  TriggerManager.cpp
  BuiltinGmatFunction.cpp
  Function.cpp
  FunctionException.cpp
  FunctionManager.cpp
  GetEphemStates.cpp
  GetLastState.cpp
  ObjectManagedFunction.cpp
  Pause.cpp
  SystemTime.cpp
  SetSeed.cpp
  ConvertTime.cpp
  Sign.cpp
  Str2num.cpp
  Num2str.cpp
  RotationMatrix.cpp
  UserDefinedFunction.cpp
  ChemicalTank.cpp
  ConicalFOV.cpp
  CustomFOV.cpp
  ChemicalThruster.cpp
  ElectricTank.cpp
  ElectricThruster.cpp
  FieldOfView.cpp
  FieldOfViewException.cpp
  FuelTank.cpp
  HardwareException.cpp
  Hardware.cpp
  NuclearPowerSystem.cpp
  PowerSystem.cpp
  RectangularFOV.cpp
  SolarPowerSystem.cpp
  Thruster.cpp
  InterfaceException.cpp
  Interface.cpp
  GmatInterface.cpp
  InterpreterException.cpp
  Interpreter.cpp
  MathParser.cpp
  MathTree.cpp
  ScriptInterpreter.cpp
  ScriptReadWriter.cpp
  Validator.cpp
  Abs.cpp
  Acos.cpp
  Acosh.cpp
  Add.cpp
  Asin.cpp
  Asinh.cpp
  Atan.cpp
  Atan2.cpp
  BuiltinFunctionNode.cpp
  Ceil.cpp
  Cos.cpp
  Cosh.cpp
  Cross3.cpp
  DegToRad.cpp
  Determinant.cpp
  Diag.cpp
  Divide.cpp
  Exp.cpp
  Fix.cpp
  Floor.cpp
  FunctionRunner.cpp
  Log.cpp
  Log10.cpp
  Inverse.cpp
  MathElement.cpp
  MathException.cpp
  MathFunction.cpp
  MathNode.cpp
  Min.cpp
  Mod.cpp
  Multiply.cpp
  Negate.cpp
  Norm.cpp
  NumericFunctionNode.cpp
  Power.cpp
  RadToDeg.cpp
  Rand.cpp
  Randn.cpp
  Sin.cpp
  Sinh.cpp
  Sprintf.cpp
  Sqrt.cpp
  StringFunctionNode.cpp
  Strcat.cpp
  Strcmp.cpp
  Strfind.cpp
  Strrep.cpp
  Subtract.cpp
  Tan.cpp
  Tanh.cpp
  Transpose.cpp
  EquationWrapper.cpp
  AlternateEquinoctialParameters.cpp
  AngularParameters.cpp
  Array.cpp
  ArrayWrapper.cpp
  ArrayElementWrapper.cpp
  AttitudeData.cpp
  AttitudeParameters.cpp
  AttitudeReal.cpp
  AttitudeRvector.cpp
  BallisticMassParameters.cpp
  BallisticMassReal.cpp
  BooleanWrapper.cpp
  BplaneData.cpp
  BplaneParameters.cpp
  BplaneReal.cpp
  BrouwerMeanLongParameters.cpp
  BrouwerMeanShortParameters.cpp
  BurnData.cpp
  BurnParameters.cpp
  BurnReal.cpp
  CartesianParameters.cpp
  DelaunayParameters.cpp
  EnvData.cpp
  EnvReal.cpp
  EquinoctialParameters.cpp
  ExpressionParser.cpp
  HardwareReal.cpp
  HardwareParameters.cpp
  IncomingAsymptoteParameters.cpp
  KeplerianParameters.cpp
  ModEquinoctialParameters.cpp
  NumberWrapper.cpp
  ObjectWrapper.cpp
  ObjectPropertyWrapper.cpp
  OnOffWrapper.cpp
  OrbitalParameters.cpp
  OrbitData.cpp
  OrbitReal.cpp
  OrbitRmat33.cpp
  OrbitRmat66.cpp
  OrbitRvec6.cpp
  OrbitStmParameters.cpp
  OutgoingAsymptoteParameters.cpp
  ParameterDatabase.cpp
  ParameterInfo.cpp
  Parameter.cpp
  ParameterWrapper.cpp
  PlanetodeticParameters.cpp
  PlanetData.cpp
  PlanetParameters.cpp
  PlanetReal.cpp
  RealVar.cpp
  RefData.cpp
  Rmat33Var.cpp
  Rmat66Var.cpp
  Rvec6Var.cpp
  RvectorVar.cpp
  SpacecraftData.cpp
  SphericalParameters.cpp
  StringWrapper.cpp
  StringObjectWrapper.cpp
  StringVar.cpp
  TimeData.cpp
  TimeParameters.cpp
  TimeReal.cpp
  TimeString.cpp
  Variable.cpp
  VariableWrapper.cpp
  AttitudeString.cpp
  DynamicLibrary.cpp
  GmatEventHandler.cpp
  GuiInterface.cpp
  AdamsBashforthMoulton.cpp
  DormandElMikkawyPrince68.cpp
  Integrator.cpp
  PredictorCorrector.cpp
  PrinceDormand45.cpp
  PrinceDormand78.cpp
  PropagationStateManager.cpp
  Propagator.cpp
  PropSetup.cpp
  RungeKutta89.cpp
  RungeKuttaFehlberg56.cpp
  RungeKuttaNystrom.cpp
  RungeKutta.cpp
  Asteroid.cpp
  AtmosphereModel.cpp
  Barycenter.cpp
  CalculatedPoint.cpp
  CelestialBody.cpp
  Comet.cpp
  DeFile.cpp
  EphemSmoother.cpp
  ExponentialAtmosphere.cpp
  JacchiaRobertsAtmosphere.cpp
  LibrationPoint.cpp
D:\GMAT\gmat-src\GMAT-r2020a2\GMAT-R2020a\src\base\solarsys\EphemSmoother.cpp(236): warning C4244: “初始化”: 从“Real”转换到“Integer”，可能丢失数据
D:\GMAT\gmat-src\GMAT-r2020a2\GMAT-R2020a\src\base\solarsys\EphemSmoother.cpp(242): warning C4244: “=”: 从“Real”转换到“Integer”，可能丢失数据
  MediaCorrectionInterface.cpp
  Moon.cpp
  Msise90Atmosphere.cpp
  PlanetaryEphemException.cpp
  PlanetaryEphem.cpp
  Planet.cpp
  ShadowState.cpp
  SlpFile.cpp
  SolarFluxReader.cpp
  SolarSystemException.cpp
  SolarSystem.cpp
  Star.cpp
  Solver.cpp
  DifferentialCorrector.cpp
  Optimizer.cpp
  InternalOptimizer.cpp
  ISolverListener.cpp
  ExternalOptimizer.cpp
  DerivativeModel.cpp
  Gradient.cpp
  Jacobian.cpp
  LineSearch.cpp
  FormationInterface.cpp
  Plate.cpp
  Spacecraft.cpp
  SpaceObject.cpp
  TextTrajectoryFile.cpp
  StopCondition.cpp
  EphemerisFile.cpp
  EphemerisWriter.cpp
  EphemWriterCCSDS.cpp
  EphemWriterCode500.cpp
  EphemWriterSPK.cpp
  EphemWriterSTK.cpp
  EphemWriterWithInterpolator.cpp
  EphemManager.cpp
  MessageWindow.cpp
  TextEphemFile.cpp
  OrbitView.cpp
  OwnedPlot.cpp
  ReportFile.cpp
  Subscriber.cpp
  XyPlot.cpp
  OrbitPlot.cpp
  GroundTrackPlot.cpp
  DynamicDataDisplay.cpp
  DynamicDataInterface.cpp
  SimpleExponentialAtmosphere.cpp
  SpecialCelestialPoint.cpp
  SpiceAttitude.cpp
  SpiceAttitudeKernelReader.cpp
  SpiceInterface.cpp
  SpiceOrbitKernelReader.cpp
  SpiceKernelReader.cpp
  SpiceKernelWriter.cpp
  SpiceOrbitKernelWriter.cpp
  msise90_sub.c
D:\GMAT\gmat-src\GMAT-r2020a2\GMAT-R2020a\src\base\solarsys\msise90_sub.c(1774): warning C4244: “=”: 从“real”转换到“integer”，可能丢失数据
    正在创建库 D:/GMAT/gmat-src/GMAT-r2020a2/GMAT-R2020a/cmake_gui_build/src/base/Release/GmatBase.lib 和对象 D:/GMAT/gmat-src/GMAT-r2020a2/GMAT-R2020a/cmake_gui_build/src/base/Release/GmatBase.exp
  GmatBase.vcxproj -> D:\GMAT\gmat-src\GMAT-r2020a2\GMAT-R2020a\application\bin\libGmatBase.dll
