d:\gmat\gmat-src\gmat-r2020a2\gmat-r2020a\cmake_gui_build\src\base\gmatbase.dir\release\msise90_sub.obj
d:\gmat\gmat-src\gmat-r2020a2\gmat-r2020a\cmake_gui_build\src\base\gmatbase.dir\release\assetexception.obj
d:\gmat\gmat-src\gmat-r2020a2\gmat-r2020a\cmake_gui_build\src\base\gmatbase.dir\release\ccsdsattitude.obj
d:\gmat\gmat-src\gmat-r2020a2\gmat-r2020a\cmake_gui_build\src\base\gmatbase.dir\release\threeaxiskinematic.obj
d:\gmat\gmat-src\gmat-r2020a2\gmat-r2020a\cmake_gui_build\src\base\gmatbase.dir\release\assignment.obj
d:\gmat\gmat-src\gmat-r2020a2\gmat-r2020a\cmake_gui_build\src\base\gmatbase.dir\release\findevents.obj
d:\gmat\gmat-src\gmat-r2020a2\gmat-r2020a\cmake_gui_build\src\base\gmatbase.dir\release\endfor.obj
d:\gmat\gmat-src\gmat-r2020a2\gmat-r2020a\cmake_gui_build\src\base\gmatbase.dir\release\if.obj
d:\gmat\gmat-src\gmat-r2020a2\gmat-r2020a\cmake_gui_build\src\base\gmatbase.dir\release\optimize.obj
d:\gmat\gmat-src\gmat-r2020a2\gmat-r2020a\cmake_gui_build\src\base\gmatbase.dir\release\runsolver.obj
d:\gmat\gmat-src\gmat-r2020a2\gmat-r2020a\cmake_gui_build\src\base\gmatbase.dir\release\vary.obj
d:\gmat\gmat-src\gmat-r2020a2\gmat-r2020a\cmake_gui_build\src\base\gmatbase.dir\release\bodyinertialaxes.obj
d:\gmat\gmat-src\gmat-r2020a2\gmat-r2020a\cmake_gui_build\src\base\gmatbase.dir\release\coordinatesystemexception.obj
d:\gmat\gmat-src\gmat-r2020a2\gmat-r2020a\cmake_gui_build\src\base\gmatbase.dir\release\coordinatetranslation.obj
d:\gmat\gmat-src\gmat-r2020a2\gmat-r2020a\cmake_gui_build\src\base\gmatbase.dir\release\itrfcoefficientsfile.obj
d:\gmat\gmat-src\gmat-r2020a2\gmat-r2020a\cmake_gui_build\src\base\gmatbase.dir\release\mj2000ecaxes.obj
d:\gmat\gmat-src\gmat-r2020a2\gmat-r2020a\cmake_gui_build\src\base\gmatbase.dir\release\moeeqaxes.obj
d:\gmat\gmat-src\gmat-r2020a2\gmat-r2020a\cmake_gui_build\src\base\gmatbase.dir\release\topocentricaxes.obj
d:\gmat\gmat-src\gmat-r2020a2\gmat-r2020a\cmake_gui_build\src\base\gmatbase.dir\release\itrfaxes.obj
d:\gmat\gmat-src\gmat-r2020a2\gmat-r2020a\cmake_gui_build\src\base\gmatbase.dir\release\moderator.obj
d:\gmat\gmat-src\gmat-r2020a2\gmat-r2020a\cmake_gui_build\src\base\gmatbase.dir\release\factoryexception.obj
d:\gmat\gmat-src\gmat-r2020a2\gmat-r2020a\cmake_gui_build\src\base\gmatbase.dir\release\hardwarefactory.obj
d:\gmat\gmat-src\gmat-r2020a2\gmat-r2020a\cmake_gui_build\src\base\gmatbase.dir\release\odemodelfactory.obj
d:\gmat\gmat-src\gmat-r2020a2\gmat-r2020a\cmake_gui_build\src\base\gmatbase.dir\release\propsetupfactory.obj
d:\gmat\gmat-src\gmat-r2020a2\gmat-r2020a\cmake_gui_build\src\base\gmatbase.dir\release\stopconditionfactory.obj
d:\gmat\gmat-src\gmat-r2020a2\gmat-r2020a\cmake_gui_build\src\base\gmatbase.dir\release\odemodelexception.obj
d:\gmat\gmat-src\gmat-r2020a2\gmat-r2020a\cmake_gui_build\src\base\gmatbase.dir\release\gravitybase.obj
d:\gmat\gmat-src\gmat-r2020a2\gmat-r2020a\cmake_gui_build\src\base\gmatbase.dir\release\pointmassforce.obj
d:\gmat\gmat-src\gmat-r2020a2\gmat-r2020a\cmake_gui_build\src\base\gmatbase.dir\release\harmonicgravity.obj
d:\gmat\gmat-src\gmat-r2020a2\gmat-r2020a\cmake_gui_build\src\base\gmatbase.dir\release\gmatstate.obj
d:\gmat\gmat-src\gmat-r2020a2\gmat-r2020a\cmake_gui_build\src\base\gmatbase.dir\release\spacepoint.obj
d:\gmat\gmat-src\gmat-r2020a2\gmat-r2020a\cmake_gui_build\src\base\gmatbase.dir\release\functionexception.obj
d:\gmat\gmat-src\gmat-r2020a2\gmat-r2020a\cmake_gui_build\src\base\gmatbase.dir\release\getephemstates.obj
d:\gmat\gmat-src\gmat-r2020a2\gmat-r2020a\cmake_gui_build\src\base\gmatbase.dir\release\str2num.obj
d:\gmat\gmat-src\gmat-r2020a2\gmat-r2020a\cmake_gui_build\src\base\gmatbase.dir\release\chemicaltank.obj
d:\gmat\gmat-src\gmat-r2020a2\gmat-r2020a\cmake_gui_build\src\base\gmatbase.dir\release\fieldofview.obj
d:\gmat\gmat-src\gmat-r2020a2\gmat-r2020a\cmake_gui_build\src\base\gmatbase.dir\release\hardware.obj
d:\gmat\gmat-src\gmat-r2020a2\gmat-r2020a\cmake_gui_build\src\base\gmatbase.dir\release\thruster.obj
d:\gmat\gmat-src\gmat-r2020a2\gmat-r2020a\cmake_gui_build\src\base\gmatbase.dir\release\scriptinterpreter.obj
d:\gmat\gmat-src\gmat-r2020a2\gmat-r2020a\cmake_gui_build\src\base\gmatbase.dir\release\asin.obj
d:\gmat\gmat-src\gmat-r2020a2\gmat-r2020a\cmake_gui_build\src\base\gmatbase.dir\release\ceil.obj
d:\gmat\gmat-src\gmat-r2020a2\gmat-r2020a\cmake_gui_build\src\base\gmatbase.dir\release\degtorad.obj
d:\gmat\gmat-src\gmat-r2020a2\gmat-r2020a\cmake_gui_build\src\base\gmatbase.dir\release\fix.obj
d:\gmat\gmat-src\gmat-r2020a2\gmat-r2020a\cmake_gui_build\src\base\gmatbase.dir\release\mathelement.obj
d:\gmat\gmat-src\gmat-r2020a2\gmat-r2020a\cmake_gui_build\src\base\gmatbase.dir\release\multiply.obj
d:\gmat\gmat-src\gmat-r2020a2\gmat-r2020a\cmake_gui_build\src\base\gmatbase.dir\release\randn.obj
d:\gmat\gmat-src\gmat-r2020a2\gmat-r2020a\cmake_gui_build\src\base\gmatbase.dir\release\stringfunctionnode.obj
d:\gmat\gmat-src\gmat-r2020a2\gmat-r2020a\cmake_gui_build\src\base\gmatbase.dir\release\transpose.obj
d:\gmat\gmat-src\gmat-r2020a2\gmat-r2020a\cmake_gui_build\src\base\gmatbase.dir\release\arraywrapper.obj
d:\gmat\gmat-src\gmat-r2020a2\gmat-r2020a\cmake_gui_build\src\base\gmatbase.dir\release\attitudervector.obj
d:\gmat\gmat-src\gmat-r2020a2\gmat-r2020a\cmake_gui_build\src\base\gmatbase.dir\release\bplanereal.obj
d:\gmat\gmat-src\gmat-r2020a2\gmat-r2020a\cmake_gui_build\src\base\gmatbase.dir\release\burnreal.obj
d:\gmat\gmat-src\gmat-r2020a2\gmat-r2020a\cmake_gui_build\src\base\gmatbase.dir\release\equinoctialparameters.obj
d:\gmat\gmat-src\gmat-r2020a2\gmat-r2020a\cmake_gui_build\src\base\gmatbase.dir\release\numberwrapper.obj
d:\gmat\gmat-src\gmat-r2020a2\gmat-r2020a\cmake_gui_build\src\base\gmatbase.dir\release\orbitalparameters.obj
d:\gmat\gmat-src\gmat-r2020a2\gmat-r2020a\cmake_gui_build\src\base\gmatbase.dir\release\orbitstmparameters.obj
d:\gmat\gmat-src\gmat-r2020a2\gmat-r2020a\cmake_gui_build\src\base\gmatbase.dir\release\parameterwrapper.obj
d:\gmat\gmat-src\gmat-r2020a2\gmat-r2020a\cmake_gui_build\src\base\gmatbase.dir\release\realvar.obj
d:\gmat\gmat-src\gmat-r2020a2\gmat-r2020a\cmake_gui_build\src\base\gmatbase.dir\release\rvectorvar.obj
d:\gmat\gmat-src\gmat-r2020a2\gmat-r2020a\cmake_gui_build\src\base\gmatbase.dir\release\timedata.obj
d:\gmat\gmat-src\gmat-r2020a2\gmat-r2020a\cmake_gui_build\src\base\gmatbase.dir\release\dynamiclibrary.obj
d:\gmat\gmat-src\gmat-r2020a2\gmat-r2020a\cmake_gui_build\src\base\gmatbase.dir\release\guiinterface.obj
d:\gmat\gmat-src\gmat-r2020a2\gmat-r2020a\cmake_gui_build\src\base\gmatbase.dir\release\princedormand45.obj
d:\gmat\gmat-src\gmat-r2020a2\gmat-r2020a\cmake_gui_build\src\base\gmatbase.dir\release\rungekutta89.obj
d:\gmat\gmat-src\gmat-r2020a2\gmat-r2020a\cmake_gui_build\src\base\gmatbase.dir\release\calculatedpoint.obj
d:\gmat\gmat-src\gmat-r2020a2\gmat-r2020a\cmake_gui_build\src\base\gmatbase.dir\release\jacchiarobertsatmosphere.obj
d:\gmat\gmat-src\gmat-r2020a2\gmat-r2020a\cmake_gui_build\src\base\gmatbase.dir\release\msise90atmosphere.obj
d:\gmat\gmat-src\gmat-r2020a2\gmat-r2020a\cmake_gui_build\src\base\gmatbase.dir\release\shadowstate.obj
d:\gmat\gmat-src\gmat-r2020a2\gmat-r2020a\cmake_gui_build\src\base\gmatbase.dir\release\star.obj
d:\gmat\gmat-src\gmat-r2020a2\gmat-r2020a\cmake_gui_build\src\base\gmatbase.dir\release\isolverlistener.obj
d:\gmat\gmat-src\gmat-r2020a2\gmat-r2020a\cmake_gui_build\src\base\gmatbase.dir\release\gradient.obj
d:\gmat\gmat-src\gmat-r2020a2\gmat-r2020a\cmake_gui_build\src\base\gmatbase.dir\release\plate.obj
d:\gmat\gmat-src\gmat-r2020a2\gmat-r2020a\cmake_gui_build\src\base\gmatbase.dir\release\ephemwriterspk.obj
d:\gmat\gmat-src\gmat-r2020a2\gmat-r2020a\cmake_gui_build\src\base\gmatbase.dir\release\messagewindow.obj
d:\gmat\gmat-src\gmat-r2020a2\gmat-r2020a\cmake_gui_build\src\base\gmatbase.dir\release\ownedplot.obj
d:\gmat\gmat-src\gmat-r2020a2\gmat-r2020a\cmake_gui_build\src\base\gmatbase.dir\release\orbitplot.obj
d:\gmat\gmat-src\gmat-r2020a2\gmat-r2020a\cmake_gui_build\src\base\gmatbase.dir\release\spiceinterface.obj
d:\gmat\gmat-src\gmat-r2020a2\gmat-r2020a\cmake_gui_build\src\base\gmatbase.dir\release\groundstationinterface.obj
d:\gmat\gmat-src\gmat-r2020a2\gmat-r2020a\cmake_gui_build\src\base\gmatbase.dir\release\kinematic.obj
d:\gmat\gmat-src\gmat-r2020a2\gmat-r2020a\cmake_gui_build\src\base\gmatbase.dir\release\burn.obj
d:\gmat\gmat-src\gmat-r2020a2\gmat-r2020a\cmake_gui_build\src\base\gmatbase.dir\release\beginscript.obj
d:\gmat\gmat-src\gmat-r2020a2\gmat-r2020a\cmake_gui_build\src\base\gmatbase.dir\release\commandutil.obj
d:\gmat\gmat-src\gmat-r2020a2\gmat-r2020a\cmake_gui_build\src\base\gmatbase.dir\release\endif.obj
d:\gmat\gmat-src\gmat-r2020a2\gmat-r2020a\cmake_gui_build\src\base\gmatbase.dir\release\maneuver.obj
d:\gmat\gmat-src\gmat-r2020a2\gmat-r2020a\cmake_gui_build\src\base\gmatbase.dir\release\propagate.obj
d:\gmat\gmat-src\gmat-r2020a2\gmat-r2020a\cmake_gui_build\src\base\gmatbase.dir\release\while.obj
d:\gmat\gmat-src\gmat-r2020a2\gmat-r2020a\cmake_gui_build\src\base\gmatbase.dir\release\bodyfixedaxes.obj
d:\gmat\gmat-src\gmat-r2020a2\gmat-r2020a\cmake_gui_build\src\base\gmatbase.dir\release\coordinatesystem.obj
d:\gmat\gmat-src\gmat-r2020a2\gmat-r2020a\cmake_gui_build\src\base\gmatbase.dir\release\inertialaxes.obj
d:\gmat\gmat-src\gmat-r2020a2\gmat-r2020a\cmake_gui_build\src\base\gmatbase.dir\release\modecaxes.obj
d:\gmat\gmat-src\gmat-r2020a2\gmat-r2020a\cmake_gui_build\src\base\gmatbase.dir\release\todecaxes.obj
d:\gmat\gmat-src\gmat-r2020a2\gmat-r2020a\cmake_gui_build\src\base\gmatbase.dir\release\transformutil.obj
d:\gmat\gmat-src\gmat-r2020a2\gmat-r2020a\cmake_gui_build\src\base\gmatbase.dir\release\iaufile.obj
d:\gmat\gmat-src\gmat-r2020a2\gmat-r2020a\cmake_gui_build\src\base\gmatbase.dir\release\listenermanager.obj
d:\gmat\gmat-src\gmat-r2020a2\gmat-r2020a\cmake_gui_build\src\base\gmatbase.dir\release\plotreceiver.obj
d:\gmat\gmat-src\gmat-r2020a2\gmat-r2020a\cmake_gui_build\src\base\gmatbase.dir\release\atmospherefactory.obj
d:\gmat\gmat-src\gmat-r2020a2\gmat-r2020a\cmake_gui_build\src\base\gmatbase.dir\release\axissystemfactory.obj
d:\gmat\gmat-src\gmat-r2020a2\gmat-r2020a\cmake_gui_build\src\base\gmatbase.dir\release\celestialbodyfactory.obj
d:\gmat\gmat-src\gmat-r2020a2\gmat-r2020a\cmake_gui_build\src\base\gmatbase.dir\release\functionfactory.obj
d:\gmat\gmat-src\gmat-r2020a2\gmat-r2020a\cmake_gui_build\src\base\gmatbase.dir\release\parameterfactory.obj
d:\gmat\gmat-src\gmat-r2020a2\gmat-r2020a\cmake_gui_build\src\base\gmatbase.dir\release\gmatwidget.obj
d:\gmat\gmat-src\gmat-r2020a2\gmat-r2020a\cmake_gui_build\src\base\gmatbase.dir\release\odemodel.obj
d:\gmat\gmat-src\gmat-r2020a2\gmat-r2020a\cmake_gui_build\src\base\gmatbase.dir\release\relativisticcorrection.obj
d:\gmat\gmat-src\gmat-r2020a2\gmat-r2020a\cmake_gui_build\src\base\gmatbase.dir\release\fileupdatersvn.obj
d:\gmat\gmat-src\gmat-r2020a2\gmat-r2020a\cmake_gui_build\src\base\gmatbase.dir\release\objectinitializer.obj
d:\gmat\gmat-src\gmat-r2020a2\gmat-r2020a\cmake_gui_build\src\base\gmatbase.dir\release\systemtime.obj
d:\gmat\gmat-src\gmat-r2020a2\gmat-r2020a\cmake_gui_build\src\base\gmatbase.dir\release\rotationmatrix.obj
d:\gmat\gmat-src\gmat-r2020a2\gmat-r2020a\cmake_gui_build\src\base\gmatbase.dir\release\electrictank.obj
d:\gmat\gmat-src\gmat-r2020a2\gmat-r2020a\cmake_gui_build\src\base\gmatbase.dir\release\fieldofviewexception.obj
d:\gmat\gmat-src\gmat-r2020a2\gmat-r2020a\cmake_gui_build\src\base\gmatbase.dir\release\nuclearpowersystem.obj
d:\gmat\gmat-src\gmat-r2020a2\gmat-r2020a\cmake_gui_build\src\base\gmatbase.dir\release\interface.obj
d:\gmat\gmat-src\gmat-r2020a2\gmat-r2020a\cmake_gui_build\src\base\gmatbase.dir\release\mathtree.obj
d:\gmat\gmat-src\gmat-r2020a2\gmat-r2020a\cmake_gui_build\src\base\gmatbase.dir\release\abs.obj
d:\gmat\gmat-src\gmat-r2020a2\gmat-r2020a\cmake_gui_build\src\base\gmatbase.dir\release\acos.obj
d:\gmat\gmat-src\gmat-r2020a2\gmat-r2020a\cmake_gui_build\src\base\gmatbase.dir\release\acosh.obj
d:\gmat\gmat-src\gmat-r2020a2\gmat-r2020a\cmake_gui_build\src\base\gmatbase.dir\release\asinh.obj
d:\gmat\gmat-src\gmat-r2020a2\gmat-r2020a\cmake_gui_build\src\base\gmatbase.dir\release\cos.obj
d:\gmat\gmat-src\gmat-r2020a2\gmat-r2020a\cmake_gui_build\src\base\gmatbase.dir\release\diag.obj
d:\gmat\gmat-src\gmat-r2020a2\gmat-r2020a\cmake_gui_build\src\base\gmatbase.dir\release\log.obj
d:\gmat\gmat-src\gmat-r2020a2\gmat-r2020a\cmake_gui_build\src\base\gmatbase.dir\release\mathexception.obj
d:\gmat\gmat-src\gmat-r2020a2\gmat-r2020a\cmake_gui_build\src\base\gmatbase.dir\release\mod.obj
d:\gmat\gmat-src\gmat-r2020a2\gmat-r2020a\cmake_gui_build\src\base\gmatbase.dir\release\power.obj
d:\gmat\gmat-src\gmat-r2020a2\gmat-r2020a\cmake_gui_build\src\base\gmatbase.dir\release\sprintf.obj
d:\gmat\gmat-src\gmat-r2020a2\gmat-r2020a\cmake_gui_build\src\base\gmatbase.dir\release\subtract.obj
d:\gmat\gmat-src\gmat-r2020a2\gmat-r2020a\cmake_gui_build\src\base\gmatbase.dir\release\alternateequinoctialparameters.obj
d:\gmat\gmat-src\gmat-r2020a2\gmat-r2020a\cmake_gui_build\src\base\gmatbase.dir\release\attitudeparameters.obj
d:\gmat\gmat-src\gmat-r2020a2\gmat-r2020a\cmake_gui_build\src\base\gmatbase.dir\release\bplanedata.obj
d:\gmat\gmat-src\gmat-r2020a2\gmat-r2020a\cmake_gui_build\src\base\gmatbase.dir\release\burnparameters.obj
d:\gmat\gmat-src\gmat-r2020a2\gmat-r2020a\cmake_gui_build\src\base\gmatbase.dir\release\envreal.obj
d:\gmat\gmat-src\gmat-r2020a2\gmat-r2020a\cmake_gui_build\src\base\gmatbase.dir\release\modequinoctialparameters.obj
d:\gmat\gmat-src\gmat-r2020a2\gmat-r2020a\cmake_gui_build\src\base\gmatbase.dir\release\orbitrmat33.obj
d:\gmat\gmat-src\gmat-r2020a2\gmat-r2020a\cmake_gui_build\src\base\gmatbase.dir\release\parameterinfo.obj
d:\gmat\gmat-src\gmat-r2020a2\gmat-r2020a\cmake_gui_build\src\base\gmatbase.dir\release\planetparameters.obj
d:\gmat\gmat-src\gmat-r2020a2\gmat-r2020a\cmake_gui_build\src\base\gmatbase.dir\release\rmat66var.obj
d:\gmat\gmat-src\gmat-r2020a2\gmat-r2020a\cmake_gui_build\src\base\gmatbase.dir\release\stringvar.obj
d:\gmat\gmat-src\gmat-r2020a2\gmat-r2020a\cmake_gui_build\src\base\gmatbase.dir\release\variable.obj
d:\gmat\gmat-src\gmat-r2020a2\gmat-r2020a\cmake_gui_build\src\base\gmatbase.dir\release\integrator.obj
d:\gmat\gmat-src\gmat-r2020a2\gmat-r2020a\cmake_gui_build\src\base\gmatbase.dir\release\propagator.obj
d:\gmat\gmat-src\gmat-r2020a2\gmat-r2020a\cmake_gui_build\src\base\gmatbase.dir\release\asteroid.obj
d:\gmat\gmat-src\gmat-r2020a2\gmat-r2020a\cmake_gui_build\src\base\gmatbase.dir\release\comet.obj
d:\gmat\gmat-src\gmat-r2020a2\gmat-r2020a\cmake_gui_build\src\base\gmatbase.dir\release\librationpoint.obj
d:\gmat\gmat-src\gmat-r2020a2\gmat-r2020a\cmake_gui_build\src\base\gmatbase.dir\release\planetaryephem.obj
d:\gmat\gmat-src\gmat-r2020a2\gmat-r2020a\cmake_gui_build\src\base\gmatbase.dir\release\solarfluxreader.obj
d:\gmat\gmat-src\gmat-r2020a2\gmat-r2020a\cmake_gui_build\src\base\gmatbase.dir\release\optimizer.obj
d:\gmat\gmat-src\gmat-r2020a2\gmat-r2020a\cmake_gui_build\src\base\gmatbase.dir\release\jacobian.obj
d:\gmat\gmat-src\gmat-r2020a2\gmat-r2020a\cmake_gui_build\src\base\gmatbase.dir\release\spacecraft.obj
d:\gmat\gmat-src\gmat-r2020a2\gmat-r2020a\cmake_gui_build\src\base\gmatbase.dir\release\reportfile.obj
d:\gmat\gmat-src\gmat-r2020a2\gmat-r2020a\cmake_gui_build\src\base\gmatbase.dir\release\dynamicdatainterface.obj
d:\gmat\gmat-src\gmat-r2020a2\gmat-r2020a\cmake_gui_build\src\base\gmatbase.dir\release\simpleexponentialatmosphere.obj
d:\gmat\gmat-src\gmat-r2020a2\gmat-r2020a\cmake_gui_build\src\base\gmatbase.dir\release\spiceattitudekernelreader.obj
d:\gmat\gmat-src\gmat-r2020a2\gmat-r2020a\cmake_gui_build\src\base\gmatbase.dir\release\spiceorbitkernelwriter.obj
d:\gmat\gmat-src\gmat-r2020a2\gmat-r2020a\cmake_gui_build\src\base\gmatbase.dir\release\apiexception.obj
d:\gmat\gmat-src\gmat-r2020a2\gmat-r2020a\cmake_gui_build\src\base\gmatbase.dir\release\attitudeexception.obj
d:\gmat\gmat-src\gmat-r2020a2\gmat-r2020a\cmake_gui_build\src\base\gmatbase.dir\release\nadirpointing.obj
d:\gmat\gmat-src\gmat-r2020a2\gmat-r2020a\cmake_gui_build\src\base\gmatbase.dir\release\finiteburn.obj
d:\gmat\gmat-src\gmat-r2020a2\gmat-r2020a\cmake_gui_build\src\base\gmatbase.dir\release\callfunction.obj
d:\gmat\gmat-src\gmat-r2020a2\gmat-r2020a\cmake_gui_build\src\base\gmatbase.dir\release\else.obj
d:\gmat\gmat-src\gmat-r2020a2\gmat-r2020a\cmake_gui_build\src\base\gmatbase.dir\release\endoptimize.obj
d:\gmat\gmat-src\gmat-r2020a2\gmat-r2020a\cmake_gui_build\src\base\gmatbase.dir\release\nonlinearconstraint.obj
d:\gmat\gmat-src\gmat-r2020a2\gmat-r2020a\cmake_gui_build\src\base\gmatbase.dir\release\rhsequation.obj
d:\gmat\gmat-src\gmat-r2020a2\gmat-r2020a\cmake_gui_build\src\base\gmatbase.dir\release\target.obj
d:\gmat\gmat-src\gmat-r2020a2\gmat-r2020a\cmake_gui_build\src\base\gmatbase.dir\release\configmanager.obj
d:\gmat\gmat-src\gmat-r2020a2\gmat-r2020a\cmake_gui_build\src\base\gmatbase.dir\release\dynamicaxes.obj
d:\gmat\gmat-src\gmat-r2020a2\gmat-r2020a\cmake_gui_build\src\base\gmatbase.dir\release\localalignedconstrainedaxes.obj
d:\gmat\gmat-src\gmat-r2020a2\gmat-r2020a\cmake_gui_build\src\base\gmatbase.dir\release\modeqaxes.obj
d:\gmat\gmat-src\gmat-r2020a2\gmat-r2020a\cmake_gui_build\src\base\gmatbase.dir\release\toeecaxes.obj
d:\gmat\gmat-src\gmat-r2020a2\gmat-r2020a\cmake_gui_build\src\base\gmatbase.dir\release\icrfaxes.obj
d:\gmat\gmat-src\gmat-r2020a2\gmat-r2020a\cmake_gui_build\src\base\gmatbase.dir\release\eventlocator.obj
d:\gmat\gmat-src\gmat-r2020a2\gmat-r2020a\cmake_gui_build\src\base\gmatbase.dir\release\publisher.obj
d:\gmat\gmat-src\gmat-r2020a2\gmat-r2020a\cmake_gui_build\src\base\gmatbase.dir\release\calculatedpointfactory.obj
d:\gmat\gmat-src\gmat-r2020a2\gmat-r2020a\cmake_gui_build\src\base\gmatbase.dir\release\coordinatesystemfactory.obj
d:\gmat\gmat-src\gmat-r2020a2\gmat-r2020a\cmake_gui_build\src\base\gmatbase.dir\release\fieldofviewfactory.obj
d:\gmat\gmat-src\gmat-r2020a2\gmat-r2020a\cmake_gui_build\src\base\gmatbase.dir\release\mathfactory.obj
d:\gmat\gmat-src\gmat-r2020a2\gmat-r2020a\cmake_gui_build\src\base\gmatbase.dir\release\solverfactory.obj
d:\gmat\gmat-src\gmat-r2020a2\gmat-r2020a\cmake_gui_build\src\base\gmatbase.dir\release\guifactory.obj
d:\gmat\gmat-src\gmat-r2020a2\gmat-r2020a\cmake_gui_build\src\base\gmatbase.dir\release\finitethrust.obj
d:\gmat\gmat-src\gmat-r2020a2\gmat-r2020a\cmake_gui_build\src\base\gmatbase.dir\release\harmonicfield.obj
d:\gmat\gmat-src\gmat-r2020a2\gmat-r2020a\cmake_gui_build\src\base\gmatbase.dir\release\solarradiationpressure.obj
d:\gmat\gmat-src\gmat-r2020a2\gmat-r2020a\cmake_gui_build\src\base\gmatbase.dir\release\gmatbase.obj
d:\gmat\gmat-src\gmat-r2020a2\gmat-r2020a\cmake_gui_build\src\base\gmatbase.dir\release\setseed.obj
d:\gmat\gmat-src\gmat-r2020a2\gmat-r2020a\cmake_gui_build\src\base\gmatbase.dir\release\num2str.obj
d:\gmat\gmat-src\gmat-r2020a2\gmat-r2020a\cmake_gui_build\src\base\gmatbase.dir\release\chemicalthruster.obj
d:\gmat\gmat-src\gmat-r2020a2\gmat-r2020a\cmake_gui_build\src\base\gmatbase.dir\release\hardwareexception.obj
d:\gmat\gmat-src\gmat-r2020a2\gmat-r2020a\cmake_gui_build\src\base\gmatbase.dir\release\powersystem.obj
d:\gmat\gmat-src\gmat-r2020a2\gmat-r2020a\cmake_gui_build\src\base\gmatbase.dir\release\interpreterexception.obj
d:\gmat\gmat-src\gmat-r2020a2\gmat-r2020a\cmake_gui_build\src\base\gmatbase.dir\release\mathparser.obj
d:\gmat\gmat-src\gmat-r2020a2\gmat-r2020a\cmake_gui_build\src\base\gmatbase.dir\release\add.obj
d:\gmat\gmat-src\gmat-r2020a2\gmat-r2020a\cmake_gui_build\src\base\gmatbase.dir\release\atan2.obj
d:\gmat\gmat-src\gmat-r2020a2\gmat-r2020a\cmake_gui_build\src\base\gmatbase.dir\release\cosh.obj
d:\gmat\gmat-src\gmat-r2020a2\gmat-r2020a\cmake_gui_build\src\base\gmatbase.dir\release\exp.obj
d:\gmat\gmat-src\gmat-r2020a2\gmat-r2020a\cmake_gui_build\src\base\gmatbase.dir\release\log10.obj
d:\gmat\gmat-src\gmat-r2020a2\gmat-r2020a\cmake_gui_build\src\base\gmatbase.dir\release\mathfunction.obj
d:\gmat\gmat-src\gmat-r2020a2\gmat-r2020a\cmake_gui_build\src\base\gmatbase.dir\release\norm.obj
d:\gmat\gmat-src\gmat-r2020a2\gmat-r2020a\cmake_gui_build\src\base\gmatbase.dir\release\rand.obj
d:\gmat\gmat-src\gmat-r2020a2\gmat-r2020a\cmake_gui_build\src\base\gmatbase.dir\release\sqrt.obj
d:\gmat\gmat-src\gmat-r2020a2\gmat-r2020a\cmake_gui_build\src\base\gmatbase.dir\release\tan.obj
d:\gmat\gmat-src\gmat-r2020a2\gmat-r2020a\cmake_gui_build\src\base\gmatbase.dir\release\angularparameters.obj
d:\gmat\gmat-src\gmat-r2020a2\gmat-r2020a\cmake_gui_build\src\base\gmatbase.dir\release\attitudereal.obj
d:\gmat\gmat-src\gmat-r2020a2\gmat-r2020a\cmake_gui_build\src\base\gmatbase.dir\release\bplaneparameters.obj
d:\gmat\gmat-src\gmat-r2020a2\gmat-r2020a\cmake_gui_build\src\base\gmatbase.dir\release\cartesianparameters.obj
d:\gmat\gmat-src\gmat-r2020a2\gmat-r2020a\cmake_gui_build\src\base\gmatbase.dir\release\expressionparser.obj
d:\gmat\gmat-src\gmat-r2020a2\gmat-r2020a\cmake_gui_build\src\base\gmatbase.dir\release\incomingasymptoteparameters.obj
d:\gmat\gmat-src\gmat-r2020a2\gmat-r2020a\cmake_gui_build\src\base\gmatbase.dir\release\orbitreal.obj
d:\gmat\gmat-src\gmat-r2020a2\gmat-r2020a\cmake_gui_build\src\base\gmatbase.dir\release\outgoingasymptoteparameters.obj
d:\gmat\gmat-src\gmat-r2020a2\gmat-r2020a\cmake_gui_build\src\base\gmatbase.dir\release\planetodeticparameters.obj
d:\gmat\gmat-src\gmat-r2020a2\gmat-r2020a\cmake_gui_build\src\base\gmatbase.dir\release\refdata.obj
d:\gmat\gmat-src\gmat-r2020a2\gmat-r2020a\cmake_gui_build\src\base\gmatbase.dir\release\stringwrapper.obj
d:\gmat\gmat-src\gmat-r2020a2\gmat-r2020a\cmake_gui_build\src\base\gmatbase.dir\release\timereal.obj
d:\gmat\gmat-src\gmat-r2020a2\gmat-r2020a\cmake_gui_build\src\base\gmatbase.dir\release\gmateventhandler.obj
d:\gmat\gmat-src\gmat-r2020a2\gmat-r2020a\cmake_gui_build\src\base\gmatbase.dir\release\dormandelmikkawyprince68.obj
d:\gmat\gmat-src\gmat-r2020a2\gmat-r2020a\cmake_gui_build\src\base\gmatbase.dir\release\propagationstatemanager.obj
d:\gmat\gmat-src\gmat-r2020a2\gmat-r2020a\cmake_gui_build\src\base\gmatbase.dir\release\rungekutta.obj
d:\gmat\gmat-src\gmat-r2020a2\gmat-r2020a\cmake_gui_build\src\base\gmatbase.dir\release\defile.obj
d:\gmat\gmat-src\gmat-r2020a2\gmat-r2020a\cmake_gui_build\src\base\gmatbase.dir\release\mediacorrectioninterface.obj
d:\gmat\gmat-src\gmat-r2020a2\gmat-r2020a\cmake_gui_build\src\base\gmatbase.dir\release\solarsystem.obj
d:\gmat\gmat-src\gmat-r2020a2\gmat-r2020a\cmake_gui_build\src\base\gmatbase.dir\release\linesearch.obj
d:\gmat\gmat-src\gmat-r2020a2\gmat-r2020a\cmake_gui_build\src\base\gmatbase.dir\release\spaceobject.obj
d:\gmat\gmat-src\gmat-r2020a2\gmat-r2020a\cmake_gui_build\src\base\gmatbase.dir\release\ephemwriterccsds.obj
d:\gmat\gmat-src\gmat-r2020a2\gmat-r2020a\cmake_gui_build\src\base\gmatbase.dir\release\ephemwriterwithinterpolator.obj
d:\gmat\gmat-src\gmat-r2020a2\gmat-r2020a\cmake_gui_build\src\base\gmatbase.dir\release\orbitview.obj
d:\gmat\gmat-src\gmat-r2020a2\gmat-r2020a\cmake_gui_build\src\base\gmatbase.dir\release\xyplot.obj
d:\gmat\gmat-src\gmat-r2020a2\gmat-r2020a\cmake_gui_build\src\base\gmatbase.dir\release\specialcelestialpoint.obj
d:\gmat\gmat-src\gmat-r2020a2\gmat-r2020a\cmake_gui_build\src\base\gmatbase.dir\release\spicekernelwriter.obj
d:\gmat\gmat-src\gmat-r2020a2\gmat-r2020a\cmake_gui_build\src\base\gmatbase.dir\release\apifunctions.obj
d:\gmat\gmat-src\gmat-r2020a2\gmat-r2020a\cmake_gui_build\src\base\gmatbase.dir\release\inertialmaneuverframe.obj
d:\gmat\gmat-src\gmat-r2020a2\gmat-r2020a\cmake_gui_build\src\base\gmatbase.dir\release\achieve.obj
d:\gmat\gmat-src\gmat-r2020a2\gmat-r2020a\cmake_gui_build\src\base\gmatbase.dir\release\callbuiltingmatfunction.obj
d:\gmat\gmat-src\gmat-r2020a2\gmat-r2020a\cmake_gui_build\src\base\gmatbase.dir\release\endfiniteburn.obj
d:\gmat\gmat-src\gmat-r2020a2\gmat-r2020a\cmake_gui_build\src\base\gmatbase.dir\release\for.obj
d:\gmat\gmat-src\gmat-r2020a2\gmat-r2020a\cmake_gui_build\src\base\gmatbase.dir\release\pendown.obj
d:\gmat\gmat-src\gmat-r2020a2\gmat-r2020a\cmake_gui_build\src\base\gmatbase.dir\release\report.obj
d:\gmat\gmat-src\gmat-r2020a2\gmat-r2020a\cmake_gui_build\src\base\gmatbase.dir\release\updatedynamicdata.obj
d:\gmat\gmat-src\gmat-r2020a2\gmat-r2020a\cmake_gui_build\src\base\gmatbase.dir\release\coordinatebase.obj
d:\gmat\gmat-src\gmat-r2020a2\gmat-r2020a\cmake_gui_build\src\base\gmatbase.dir\release\todeqaxes.obj
d:\gmat\gmat-src\gmat-r2020a2\gmat-r2020a\cmake_gui_build\src\base\gmatbase.dir\release\factory.obj
d:\gmat\gmat-src\gmat-r2020a2\gmat-r2020a\cmake_gui_build\src\base\gmatbase.dir\release\covariance.obj
d:\gmat\gmat-src\gmat-r2020a2\gmat-r2020a\cmake_gui_build\src\base\gmatbase.dir\release\objectmanagedfunction.obj
d:\gmat\gmat-src\gmat-r2020a2\gmat-r2020a\cmake_gui_build\src\base\gmatbase.dir\release\interfaceexception.obj
d:\gmat\gmat-src\gmat-r2020a2\gmat-r2020a\cmake_gui_build\src\base\gmatbase.dir\release\divide.obj
d:\gmat\gmat-src\gmat-r2020a2\gmat-r2020a\cmake_gui_build\src\base\gmatbase.dir\release\strrep.obj
d:\gmat\gmat-src\gmat-r2020a2\gmat-r2020a\cmake_gui_build\src\base\gmatbase.dir\release\brouwermeanlongparameters.obj
d:\gmat\gmat-src\gmat-r2020a2\gmat-r2020a\cmake_gui_build\src\base\gmatbase.dir\release\orbitrmat66.obj
d:\gmat\gmat-src\gmat-r2020a2\gmat-r2020a\cmake_gui_build\src\base\gmatbase.dir\release\variablewrapper.obj
d:\gmat\gmat-src\gmat-r2020a2\gmat-r2020a\cmake_gui_build\src\base\gmatbase.dir\release\exponentialatmosphere.obj
d:\gmat\gmat-src\gmat-r2020a2\gmat-r2020a\cmake_gui_build\src\base\gmatbase.dir\release\differentialcorrector.obj
d:\gmat\gmat-src\gmat-r2020a2\gmat-r2020a\cmake_gui_build\src\base\gmatbase.dir\release\spiceorbitkernelreader.obj
d:\gmat\gmat-src\gmat-r2020a2\gmat-r2020a\cmake_gui_build\src\base\gmatbase.dir\release\helpsystem.obj
d:\gmat\gmat-src\gmat-r2020a2\gmat-r2020a\cmake_gui_build\src\base\gmatbase.dir\release\impulsiveburn.obj
d:\gmat\gmat-src\gmat-r2020a2\gmat-r2020a\cmake_gui_build\src\base\gmatbase.dir\release\branchcommand.obj
d:\gmat\gmat-src\gmat-r2020a2\gmat-r2020a\cmake_gui_build\src\base\gmatbase.dir\release\create.obj
d:\gmat\gmat-src\gmat-r2020a2\gmat-r2020a\cmake_gui_build\src\base\gmatbase.dir\release\endtarget.obj
d:\gmat\gmat-src\gmat-r2020a2\gmat-r2020a\cmake_gui_build\src\base\gmatbase.dir\release\minimize.obj
d:\gmat\gmat-src\gmat-r2020a2\gmat-r2020a\cmake_gui_build\src\base\gmatbase.dir\release\plotcommand.obj
d:\gmat\gmat-src\gmat-r2020a2\gmat-r2020a\cmake_gui_build\src\base\gmatbase.dir\release\stop.obj
d:\gmat\gmat-src\gmat-r2020a2\gmat-r2020a\cmake_gui_build\src\base\gmatbase.dir\release\write.obj
d:\gmat\gmat-src\gmat-r2020a2\gmat-r2020a\cmake_gui_build\src\base\gmatbase.dir\release\coordinatetransformation.obj
d:\gmat\gmat-src\gmat-r2020a2\gmat-r2020a\cmake_gui_build\src\base\gmatbase.dir\release\geocentricsolarmagneticaxes.obj
d:\gmat\gmat-src\gmat-r2020a2\gmat-r2020a\cmake_gui_build\src\base\gmatbase.dir\release\mj2000eqaxes.obj
d:\gmat\gmat-src\gmat-r2020a2\gmat-r2020a\cmake_gui_build\src\base\gmatbase.dir\release\objectreferencedaxes.obj
d:\gmat\gmat-src\gmat-r2020a2\gmat-r2020a\cmake_gui_build\src\base\gmatbase.dir\release\trueofdateaxes.obj
d:\gmat\gmat-src\gmat-r2020a2\gmat-r2020a\cmake_gui_build\src\base\gmatbase.dir\release\bodyspinsunaxes.obj
d:\gmat\gmat-src\gmat-r2020a2\gmat-r2020a\cmake_gui_build\src\base\gmatbase.dir\release\plotinterface.obj
d:\gmat\gmat-src\gmat-r2020a2\gmat-r2020a\cmake_gui_build\src\base\gmatbase.dir\release\sandbox.obj
d:\gmat\gmat-src\gmat-r2020a2\gmat-r2020a\cmake_gui_build\src\base\gmatbase.dir\release\factorymanager.obj
d:\gmat\gmat-src\gmat-r2020a2\gmat-r2020a\cmake_gui_build\src\base\gmatbase.dir\release\physicalmodelfactory.obj
d:\gmat\gmat-src\gmat-r2020a2\gmat-r2020a\cmake_gui_build\src\base\gmatbase.dir\release\solarsystemfactory.obj
d:\gmat\gmat-src\gmat-r2020a2\gmat-r2020a\cmake_gui_build\src\base\gmatbase.dir\release\subscriberfactory.obj
d:\gmat\gmat-src\gmat-r2020a2\gmat-r2020a\cmake_gui_build\src\base\gmatbase.dir\release\gravityfield.obj
d:\gmat\gmat-src\gmat-r2020a2\gmat-r2020a\cmake_gui_build\src\base\gmatbase.dir\release\physicalmodel.obj
d:\gmat\gmat-src\gmat-r2020a2\gmat-r2020a\cmake_gui_build\src\base\gmatbase.dir\release\elementwrapper.obj
d:\gmat\gmat-src\gmat-r2020a2\gmat-r2020a\cmake_gui_build\src\base\gmatbase.dir\release\gmattype.obj
d:\gmat\gmat-src\gmat-r2020a2\gmat-r2020a\cmake_gui_build\src\base\gmatbase.dir\release\triggermanager.obj
d:\gmat\gmat-src\gmat-r2020a2\gmat-r2020a\cmake_gui_build\src\base\gmatbase.dir\release\function.obj
d:\gmat\gmat-src\gmat-r2020a2\gmat-r2020a\cmake_gui_build\src\base\gmatbase.dir\release\getlaststate.obj
d:\gmat\gmat-src\gmat-r2020a2\gmat-r2020a\cmake_gui_build\src\base\gmatbase.dir\release\converttime.obj
d:\gmat\gmat-src\gmat-r2020a2\gmat-r2020a\cmake_gui_build\src\base\gmatbase.dir\release\conicalfov.obj
d:\gmat\gmat-src\gmat-r2020a2\gmat-r2020a\cmake_gui_build\src\base\gmatbase.dir\release\electricthruster.obj
d:\gmat\gmat-src\gmat-r2020a2\gmat-r2020a\cmake_gui_build\src\base\gmatbase.dir\release\rectangularfov.obj
d:\gmat\gmat-src\gmat-r2020a2\gmat-r2020a\cmake_gui_build\src\base\gmatbase.dir\release\gmatinterface.obj
d:\gmat\gmat-src\gmat-r2020a2\gmat-r2020a\cmake_gui_build\src\base\gmatbase.dir\release\validator.obj
d:\gmat\gmat-src\gmat-r2020a2\gmat-r2020a\cmake_gui_build\src\base\gmatbase.dir\release\cross3.obj
d:\gmat\gmat-src\gmat-r2020a2\gmat-r2020a\cmake_gui_build\src\base\gmatbase.dir\release\floor.obj
d:\gmat\gmat-src\gmat-r2020a2\gmat-r2020a\cmake_gui_build\src\base\gmatbase.dir\release\inverse.obj
d:\gmat\gmat-src\gmat-r2020a2\gmat-r2020a\cmake_gui_build\src\base\gmatbase.dir\release\min.obj
d:\gmat\gmat-src\gmat-r2020a2\gmat-r2020a\cmake_gui_build\src\base\gmatbase.dir\release\numericfunctionnode.obj
d:\gmat\gmat-src\gmat-r2020a2\gmat-r2020a\cmake_gui_build\src\base\gmatbase.dir\release\sinh.obj
d:\gmat\gmat-src\gmat-r2020a2\gmat-r2020a\cmake_gui_build\src\base\gmatbase.dir\release\strcmp.obj
d:\gmat\gmat-src\gmat-r2020a2\gmat-r2020a\cmake_gui_build\src\base\gmatbase.dir\release\equationwrapper.obj
d:\gmat\gmat-src\gmat-r2020a2\gmat-r2020a\cmake_gui_build\src\base\gmatbase.dir\release\arrayelementwrapper.obj
d:\gmat\gmat-src\gmat-r2020a2\gmat-r2020a\cmake_gui_build\src\base\gmatbase.dir\release\booleanwrapper.obj
d:\gmat\gmat-src\gmat-r2020a2\gmat-r2020a\cmake_gui_build\src\base\gmatbase.dir\release\burndata.obj
d:\gmat\gmat-src\gmat-r2020a2\gmat-r2020a\cmake_gui_build\src\base\gmatbase.dir\release\envdata.obj
d:\gmat\gmat-src\gmat-r2020a2\gmat-r2020a\cmake_gui_build\src\base\gmatbase.dir\release\hardwareparameters.obj
d:\gmat\gmat-src\gmat-r2020a2\gmat-r2020a\cmake_gui_build\src\base\gmatbase.dir\release\objectpropertywrapper.obj
d:\gmat\gmat-src\gmat-r2020a2\gmat-r2020a\cmake_gui_build\src\base\gmatbase.dir\release\orbitrvec6.obj
d:\gmat\gmat-src\gmat-r2020a2\gmat-r2020a\cmake_gui_build\src\base\gmatbase.dir\release\parameter.obj
d:\gmat\gmat-src\gmat-r2020a2\gmat-r2020a\cmake_gui_build\src\base\gmatbase.dir\release\planetreal.obj
d:\gmat\gmat-src\gmat-r2020a2\gmat-r2020a\cmake_gui_build\src\base\gmatbase.dir\release\rvec6var.obj
d:\gmat\gmat-src\gmat-r2020a2\gmat-r2020a\cmake_gui_build\src\base\gmatbase.dir\release\timeparameters.obj
d:\gmat\gmat-src\gmat-r2020a2\gmat-r2020a\cmake_gui_build\src\base\gmatbase.dir\release\attitudestring.obj
d:\gmat\gmat-src\gmat-r2020a2\gmat-r2020a\cmake_gui_build\src\base\gmatbase.dir\release\predictorcorrector.obj
d:\gmat\gmat-src\gmat-r2020a2\gmat-r2020a\cmake_gui_build\src\base\gmatbase.dir\release\propsetup.obj
d:\gmat\gmat-src\gmat-r2020a2\gmat-r2020a\cmake_gui_build\src\base\gmatbase.dir\release\atmospheremodel.obj
d:\gmat\gmat-src\gmat-r2020a2\gmat-r2020a\cmake_gui_build\src\base\gmatbase.dir\release\ephemsmoother.obj
d:\gmat\gmat-src\gmat-r2020a2\gmat-r2020a\cmake_gui_build\src\base\gmatbase.dir\release\planetaryephemexception.obj
d:\gmat\gmat-src\gmat-r2020a2\gmat-r2020a\cmake_gui_build\src\base\gmatbase.dir\release\planet.obj
d:\gmat\gmat-src\gmat-r2020a2\gmat-r2020a\cmake_gui_build\src\base\gmatbase.dir\release\solarsystemexception.obj
d:\gmat\gmat-src\gmat-r2020a2\gmat-r2020a\cmake_gui_build\src\base\gmatbase.dir\release\internaloptimizer.obj
d:\gmat\gmat-src\gmat-r2020a2\gmat-r2020a\cmake_gui_build\src\base\gmatbase.dir\release\derivativemodel.obj
d:\gmat\gmat-src\gmat-r2020a2\gmat-r2020a\cmake_gui_build\src\base\gmatbase.dir\release\formationinterface.obj
d:\gmat\gmat-src\gmat-r2020a2\gmat-r2020a\cmake_gui_build\src\base\gmatbase.dir\release\ephemerisfile.obj
d:\gmat\gmat-src\gmat-r2020a2\gmat-r2020a\cmake_gui_build\src\base\gmatbase.dir\release\ephemmanager.obj
d:\gmat\gmat-src\gmat-r2020a2\gmat-r2020a\cmake_gui_build\src\base\gmatbase.dir\release\subscriber.obj
d:\gmat\gmat-src\gmat-r2020a2\gmat-r2020a\cmake_gui_build\src\base\gmatbase.dir\release\groundtrackplot.obj
d:\gmat\gmat-src\gmat-r2020a2\gmat-r2020a\cmake_gui_build\src\base\gmatbase.dir\release\spiceattitude.obj
d:\gmat\gmat-src\gmat-r2020a2\gmat-r2020a\cmake_gui_build\src\base\gmatbase.dir\release\bodyfixedpoint.obj
d:\gmat\gmat-src\gmat-r2020a2\gmat-r2020a\cmake_gui_build\src\base\gmatbase.dir\release\precessingspinner.obj
d:\gmat\gmat-src\gmat-r2020a2\gmat-r2020a\cmake_gui_build\src\base\gmatbase.dir\release\maneuverframe.obj
d:\gmat\gmat-src\gmat-r2020a2\gmat-r2020a\cmake_gui_build\src\base\gmatbase.dir\release\beginfunction.obj
d:\gmat\gmat-src\gmat-r2020a2\gmat-r2020a\cmake_gui_build\src\base\gmatbase.dir\release\conditionalbranch.obj
d:\gmat\gmat-src\gmat-r2020a2\gmat-r2020a\cmake_gui_build\src\base\gmatbase.dir\release\endscript.obj
d:\gmat\gmat-src\gmat-r2020a2\gmat-r2020a\cmake_gui_build\src\base\gmatbase.dir\release\markpoint.obj
d:\gmat\gmat-src\gmat-r2020a2\gmat-r2020a\cmake_gui_build\src\base\gmatbase.dir\release\propagationenabledcommand.obj
d:\gmat\gmat-src\gmat-r2020a2\gmat-r2020a\cmake_gui_build\src\base\gmatbase.dir\release\toggle.obj
d:\gmat\gmat-src\gmat-r2020a2\gmat-r2020a\cmake_gui_build\src\base\gmatbase.dir\release\pluginitemmanager.obj
d:\gmat\gmat-src\gmat-r2020a2\gmat-r2020a\cmake_gui_build\src\base\gmatbase.dir\release\pluginwidget.obj
d:\gmat\gmat-src\gmat-r2020a2\gmat-r2020a\cmake_gui_build\src\base\gmatbase.dir\release\statemanager.obj
d:\gmat\gmat-src\gmat-r2020a2\gmat-r2020a\cmake_gui_build\src\base\gmatbase.dir\release\customfov.obj
d:\gmat\gmat-src\gmat-r2020a2\gmat-r2020a\cmake_gui_build\src\base\gmatbase.dir\release\atan.obj
d:\gmat\gmat-src\gmat-r2020a2\gmat-r2020a\cmake_gui_build\src\base\gmatbase.dir\release\radtodeg.obj
d:\gmat\gmat-src\gmat-r2020a2\gmat-r2020a\cmake_gui_build\src\base\gmatbase.dir\release\attitudedata.obj
d:\gmat\gmat-src\gmat-r2020a2\gmat-r2020a\cmake_gui_build\src\base\gmatbase.dir\release\onoffwrapper.obj
d:\gmat\gmat-src\gmat-r2020a2\gmat-r2020a\cmake_gui_build\src\base\gmatbase.dir\release\sphericalparameters.obj
d:\gmat\gmat-src\gmat-r2020a2\gmat-r2020a\cmake_gui_build\src\base\gmatbase.dir\release\barycenter.obj
d:\gmat\gmat-src\gmat-r2020a2\gmat-r2020a\cmake_gui_build\src\base\gmatbase.dir\release\ephemeriswriter.obj
d:\gmat\gmat-src\gmat-r2020a2\gmat-r2020a\cmake_gui_build\src\base\gmatbase.dir\release\apimessagereceiver.obj
d:\gmat\gmat-src\gmat-r2020a2\gmat-r2020a\cmake_gui_build\src\base\gmatbase.dir\release\csfixed.obj
d:\gmat\gmat-src\gmat-r2020a2\gmat-r2020a\cmake_gui_build\src\base\gmatbase.dir\release\burnexception.obj
d:\gmat\gmat-src\gmat-r2020a2\gmat-r2020a\cmake_gui_build\src\base\gmatbase.dir\release\maneuverframemanager.obj
d:\gmat\gmat-src\gmat-r2020a2\gmat-r2020a\cmake_gui_build\src\base\gmatbase.dir\release\beginfiniteburn.obj
d:\gmat\gmat-src\gmat-r2020a2\gmat-r2020a\cmake_gui_build\src\base\gmatbase.dir\release\commandexception.obj
d:\gmat\gmat-src\gmat-r2020a2\gmat-r2020a\cmake_gui_build\src\base\gmatbase.dir\release\clearplot.obj
d:\gmat\gmat-src\gmat-r2020a2\gmat-r2020a\cmake_gui_build\src\base\gmatbase.dir\release\endfunction.obj
d:\gmat\gmat-src\gmat-r2020a2\gmat-r2020a\cmake_gui_build\src\base\gmatbase.dir\release\manageobject.obj
d:\gmat\gmat-src\gmat-r2020a2\gmat-r2020a\cmake_gui_build\src\base\gmatbase.dir\release\penup.obj
d:\gmat\gmat-src\gmat-r2020a2\gmat-r2020a\cmake_gui_build\src\base\gmatbase.dir\release\savemission.obj
d:\gmat\gmat-src\gmat-r2020a2\gmat-r2020a\cmake_gui_build\src\base\gmatbase.dir\release\itemmanager.obj
d:\gmat\gmat-src\gmat-r2020a2\gmat-r2020a\cmake_gui_build\src\base\gmatbase.dir\release\equatoraxes.obj
d:\gmat\gmat-src\gmat-r2020a2\gmat-r2020a\cmake_gui_build\src\base\gmatbase.dir\release\locatedevent.obj
d:\gmat\gmat-src\gmat-r2020a2\gmat-r2020a\cmake_gui_build\src\base\gmatbase.dir\release\platefactory.obj
d:\gmat\gmat-src\gmat-r2020a2\gmat-r2020a\cmake_gui_build\src\base\gmatbase.dir\release\gmatbaseexception.obj
d:\gmat\gmat-src\gmat-r2020a2\gmat-r2020a\cmake_gui_build\src\base\gmatbase.dir\release\pause.obj
d:\gmat\gmat-src\gmat-r2020a2\gmat-r2020a\cmake_gui_build\src\base\gmatbase.dir\release\scriptreadwriter.obj
d:\gmat\gmat-src\gmat-r2020a2\gmat-r2020a\cmake_gui_build\src\base\gmatbase.dir\release\strfind.obj
d:\gmat\gmat-src\gmat-r2020a2\gmat-r2020a\cmake_gui_build\src\base\gmatbase.dir\release\ballisticmassreal.obj
d:\gmat\gmat-src\gmat-r2020a2\gmat-r2020a\cmake_gui_build\src\base\gmatbase.dir\release\keplerianparameters.obj
d:\gmat\gmat-src\gmat-r2020a2\gmat-r2020a\cmake_gui_build\src\base\gmatbase.dir\release\spacecraftdata.obj
d:\gmat\gmat-src\gmat-r2020a2\gmat-r2020a\cmake_gui_build\src\base\gmatbase.dir\release\rungekuttanystrom.obj
d:\gmat\gmat-src\gmat-r2020a2\gmat-r2020a\cmake_gui_build\src\base\gmatbase.dir\release\stopcondition.obj
d:\gmat\gmat-src\gmat-r2020a2\gmat-r2020a\cmake_gui_build\src\base\gmatbase.dir\release\attitude.obj
d:\gmat\gmat-src\gmat-r2020a2\gmat-r2020a\cmake_gui_build\src\base\gmatbase.dir\release\spinner.obj
d:\gmat\gmat-src\gmat-r2020a2\gmat-r2020a\cmake_gui_build\src\base\gmatbase.dir\release\vnbmaneuverframe.obj
d:\gmat\gmat-src\gmat-r2020a2\gmat-r2020a\cmake_gui_build\src\base\gmatbase.dir\release\beginmissionsequence.obj
d:\gmat\gmat-src\gmat-r2020a2\gmat-r2020a\cmake_gui_build\src\base\gmatbase.dir\release\gmatcommand.obj
d:\gmat\gmat-src\gmat-r2020a2\gmat-r2020a\cmake_gui_build\src\base\gmatbase.dir\release\endwhile.obj
d:\gmat\gmat-src\gmat-r2020a2\gmat-r2020a\cmake_gui_build\src\base\gmatbase.dir\release\noop.obj
d:\gmat\gmat-src\gmat-r2020a2\gmat-r2020a\cmake_gui_build\src\base\gmatbase.dir\release\solversequencecommand.obj
d:\gmat\gmat-src\gmat-r2020a2\gmat-r2020a\cmake_gui_build\src\base\gmatbase.dir\release\solverbranchcommand.obj
d:\gmat\gmat-src\gmat-r2020a2\gmat-r2020a\cmake_gui_build\src\base\gmatbase.dir\release\configmanagerexception.obj
d:\gmat\gmat-src\gmat-r2020a2\gmat-r2020a\cmake_gui_build\src\base\gmatbase.dir\release\axissystem.obj
d:\gmat\gmat-src\gmat-r2020a2\gmat-r2020a\cmake_gui_build\src\base\gmatbase.dir\release\coordinateconverter.obj
d:\gmat\gmat-src\gmat-r2020a2\gmat-r2020a\cmake_gui_build\src\base\gmatbase.dir\release\geocentricsolareclipticaxes.obj
d:\gmat\gmat-src\gmat-r2020a2\gmat-r2020a\cmake_gui_build\src\base\gmatbase.dir\release\meanofdateaxes.obj
d:\gmat\gmat-src\gmat-r2020a2\gmat-r2020a\cmake_gui_build\src\base\gmatbase.dir\release\moeecaxes.obj
d:\gmat\gmat-src\gmat-r2020a2\gmat-r2020a\cmake_gui_build\src\base\gmatbase.dir\release\toeeqaxes.obj
d:\gmat\gmat-src\gmat-r2020a2\gmat-r2020a\cmake_gui_build\src\base\gmatbase.dir\release\icrffile.obj
d:\gmat\gmat-src\gmat-r2020a2\gmat-r2020a\cmake_gui_build\src\base\gmatbase.dir\release\eventexception.obj
d:\gmat\gmat-src\gmat-r2020a2\gmat-r2020a\cmake_gui_build\src\base\gmatbase.dir\release\listenermanagerinterface.obj
d:\gmat\gmat-src\gmat-r2020a2\gmat-r2020a\cmake_gui_build\src\base\gmatbase.dir\release\publisherexception.obj
d:\gmat\gmat-src\gmat-r2020a2\gmat-r2020a\cmake_gui_build\src\base\gmatbase.dir\release\sandboxexception.obj
d:\gmat\gmat-src\gmat-r2020a2\gmat-r2020a\cmake_gui_build\src\base\gmatbase.dir\release\attitudefactory.obj
d:\gmat\gmat-src\gmat-r2020a2\gmat-r2020a\cmake_gui_build\src\base\gmatbase.dir\release\burnfactory.obj
d:\gmat\gmat-src\gmat-r2020a2\gmat-r2020a\cmake_gui_build\src\base\gmatbase.dir\release\commandfactory.obj
d:\gmat\gmat-src\gmat-r2020a2\gmat-r2020a\cmake_gui_build\src\base\gmatbase.dir\release\interfacefactory.obj
d:\gmat\gmat-src\gmat-r2020a2\gmat-r2020a\cmake_gui_build\src\base\gmatbase.dir\release\propagatorfactory.obj
d:\gmat\gmat-src\gmat-r2020a2\gmat-r2020a\cmake_gui_build\src\base\gmatbase.dir\release\spacecraftfactory.obj
d:\gmat\gmat-src\gmat-r2020a2\gmat-r2020a\cmake_gui_build\src\base\gmatbase.dir\release\dragforce.obj
d:\gmat\gmat-src\gmat-r2020a2\gmat-r2020a\cmake_gui_build\src\base\gmatbase.dir\release\numericjacobianoriginal.obj
d:\gmat\gmat-src\gmat-r2020a2\gmat-r2020a\cmake_gui_build\src\base\gmatbase.dir\release\harmonic.obj
d:\gmat\gmat-src\gmat-r2020a2\gmat-r2020a\cmake_gui_build\src\base\gmatbase.dir\release\equationinitializer.obj
d:\gmat\gmat-src\gmat-r2020a2\gmat-r2020a\cmake_gui_build\src\base\gmatbase.dir\release\ichangelistener.obj
d:\gmat\gmat-src\gmat-r2020a2\gmat-r2020a\cmake_gui_build\src\base\gmatbase.dir\release\builtingmatfunction.obj
d:\gmat\gmat-src\gmat-r2020a2\gmat-r2020a\cmake_gui_build\src\base\gmatbase.dir\release\functionmanager.obj
d:\gmat\gmat-src\gmat-r2020a2\gmat-r2020a\cmake_gui_build\src\base\gmatbase.dir\release\sign.obj
d:\gmat\gmat-src\gmat-r2020a2\gmat-r2020a\cmake_gui_build\src\base\gmatbase.dir\release\userdefinedfunction.obj
d:\gmat\gmat-src\gmat-r2020a2\gmat-r2020a\cmake_gui_build\src\base\gmatbase.dir\release\fueltank.obj
d:\gmat\gmat-src\gmat-r2020a2\gmat-r2020a\cmake_gui_build\src\base\gmatbase.dir\release\solarpowersystem.obj
d:\gmat\gmat-src\gmat-r2020a2\gmat-r2020a\cmake_gui_build\src\base\gmatbase.dir\release\interpreter.obj
d:\gmat\gmat-src\gmat-r2020a2\gmat-r2020a\cmake_gui_build\src\base\gmatbase.dir\release\builtinfunctionnode.obj
d:\gmat\gmat-src\gmat-r2020a2\gmat-r2020a\cmake_gui_build\src\base\gmatbase.dir\release\determinant.obj
d:\gmat\gmat-src\gmat-r2020a2\gmat-r2020a\cmake_gui_build\src\base\gmatbase.dir\release\functionrunner.obj
d:\gmat\gmat-src\gmat-r2020a2\gmat-r2020a\cmake_gui_build\src\base\gmatbase.dir\release\mathnode.obj
d:\gmat\gmat-src\gmat-r2020a2\gmat-r2020a\cmake_gui_build\src\base\gmatbase.dir\release\negate.obj
d:\gmat\gmat-src\gmat-r2020a2\gmat-r2020a\cmake_gui_build\src\base\gmatbase.dir\release\sin.obj
d:\gmat\gmat-src\gmat-r2020a2\gmat-r2020a\cmake_gui_build\src\base\gmatbase.dir\release\strcat.obj
d:\gmat\gmat-src\gmat-r2020a2\gmat-r2020a\cmake_gui_build\src\base\gmatbase.dir\release\tanh.obj
d:\gmat\gmat-src\gmat-r2020a2\gmat-r2020a\cmake_gui_build\src\base\gmatbase.dir\release\array.obj
d:\gmat\gmat-src\gmat-r2020a2\gmat-r2020a\cmake_gui_build\src\base\gmatbase.dir\release\ballisticmassparameters.obj
d:\gmat\gmat-src\gmat-r2020a2\gmat-r2020a\cmake_gui_build\src\base\gmatbase.dir\release\brouwermeanshortparameters.obj
d:\gmat\gmat-src\gmat-r2020a2\gmat-r2020a\cmake_gui_build\src\base\gmatbase.dir\release\delaunayparameters.obj
d:\gmat\gmat-src\gmat-r2020a2\gmat-r2020a\cmake_gui_build\src\base\gmatbase.dir\release\hardwarereal.obj
d:\gmat\gmat-src\gmat-r2020a2\gmat-r2020a\cmake_gui_build\src\base\gmatbase.dir\release\objectwrapper.obj
d:\gmat\gmat-src\gmat-r2020a2\gmat-r2020a\cmake_gui_build\src\base\gmatbase.dir\release\orbitdata.obj
d:\gmat\gmat-src\gmat-r2020a2\gmat-r2020a\cmake_gui_build\src\base\gmatbase.dir\release\parameterdatabase.obj
d:\gmat\gmat-src\gmat-r2020a2\gmat-r2020a\cmake_gui_build\src\base\gmatbase.dir\release\planetdata.obj
d:\gmat\gmat-src\gmat-r2020a2\gmat-r2020a\cmake_gui_build\src\base\gmatbase.dir\release\rmat33var.obj
d:\gmat\gmat-src\gmat-r2020a2\gmat-r2020a\cmake_gui_build\src\base\gmatbase.dir\release\stringobjectwrapper.obj
d:\gmat\gmat-src\gmat-r2020a2\gmat-r2020a\cmake_gui_build\src\base\gmatbase.dir\release\timestring.obj
d:\gmat\gmat-src\gmat-r2020a2\gmat-r2020a\cmake_gui_build\src\base\gmatbase.dir\release\adamsbashforthmoulton.obj
d:\gmat\gmat-src\gmat-r2020a2\gmat-r2020a\cmake_gui_build\src\base\gmatbase.dir\release\princedormand78.obj
d:\gmat\gmat-src\gmat-r2020a2\gmat-r2020a\cmake_gui_build\src\base\gmatbase.dir\release\rungekuttafehlberg56.obj
d:\gmat\gmat-src\gmat-r2020a2\gmat-r2020a\cmake_gui_build\src\base\gmatbase.dir\release\celestialbody.obj
d:\gmat\gmat-src\gmat-r2020a2\gmat-r2020a\cmake_gui_build\src\base\gmatbase.dir\release\moon.obj
d:\gmat\gmat-src\gmat-r2020a2\gmat-r2020a\cmake_gui_build\src\base\gmatbase.dir\release\slpfile.obj
d:\gmat\gmat-src\gmat-r2020a2\gmat-r2020a\cmake_gui_build\src\base\gmatbase.dir\release\solver.obj
d:\gmat\gmat-src\gmat-r2020a2\gmat-r2020a\cmake_gui_build\src\base\gmatbase.dir\release\externaloptimizer.obj
d:\gmat\gmat-src\gmat-r2020a2\gmat-r2020a\cmake_gui_build\src\base\gmatbase.dir\release\texttrajectoryfile.obj
d:\gmat\gmat-src\gmat-r2020a2\gmat-r2020a\cmake_gui_build\src\base\gmatbase.dir\release\ephemwritercode500.obj
d:\gmat\gmat-src\gmat-r2020a2\gmat-r2020a\cmake_gui_build\src\base\gmatbase.dir\release\ephemwriterstk.obj
d:\gmat\gmat-src\gmat-r2020a2\gmat-r2020a\cmake_gui_build\src\base\gmatbase.dir\release\textephemfile.obj
d:\gmat\gmat-src\gmat-r2020a2\gmat-r2020a\cmake_gui_build\src\base\gmatbase.dir\release\dynamicdatadisplay.obj
d:\gmat\gmat-src\gmat-r2020a2\gmat-r2020a\cmake_gui_build\src\base\gmatbase.dir\release\spicekernelreader.obj
d:\gmat\gmat-src\gmat-r2020a2\gmat-r2020a\cmake_gui_build\src\base\cmakefiles\generate.stamp
d:\gmat\gmat-src\gmat-r2020a2\gmat-r2020a\cmake_gui_build\src\base\release\gmatbase.lib
d:\gmat\gmat-src\gmat-r2020a2\gmat-r2020a\cmake_gui_build\src\base\release\gmatbase.exp
d:\gmat\gmat-src\gmat-r2020a2\gmat-r2020a\application\bin\libgmatbase.dll
d:\gmat\gmat-src\gmat-r2020a2\gmat-r2020a\cmake_gui_build\src\base\gmatbase.dir\release\gmatbase.tlog\cl.command.1.tlog
d:\gmat\gmat-src\gmat-r2020a2\gmat-r2020a\cmake_gui_build\src\base\gmatbase.dir\release\gmatbase.tlog\cl.read.1.tlog
d:\gmat\gmat-src\gmat-r2020a2\gmat-r2020a\cmake_gui_build\src\base\gmatbase.dir\release\gmatbase.tlog\cl.write.1.tlog
d:\gmat\gmat-src\gmat-r2020a2\gmat-r2020a\cmake_gui_build\src\base\gmatbase.dir\release\gmatbase.tlog\custombuild.command.1.tlog
d:\gmat\gmat-src\gmat-r2020a2\gmat-r2020a\cmake_gui_build\src\base\gmatbase.dir\release\gmatbase.tlog\custombuild.read.1.tlog
d:\gmat\gmat-src\gmat-r2020a2\gmat-r2020a\cmake_gui_build\src\base\gmatbase.dir\release\gmatbase.tlog\custombuild.write.1.tlog
d:\gmat\gmat-src\gmat-r2020a2\gmat-r2020a\cmake_gui_build\src\base\gmatbase.dir\release\gmatbase.tlog\gmatbase.write.1u.tlog
d:\gmat\gmat-src\gmat-r2020a2\gmat-r2020a\cmake_gui_build\src\base\gmatbase.dir\release\gmatbase.tlog\link.command.1.tlog
d:\gmat\gmat-src\gmat-r2020a2\gmat-r2020a\cmake_gui_build\src\base\gmatbase.dir\release\gmatbase.tlog\link.read.1.tlog
d:\gmat\gmat-src\gmat-r2020a2\gmat-r2020a\cmake_gui_build\src\base\gmatbase.dir\release\gmatbase.tlog\link.write.1.tlog
