d:\gmat\gmat-src\gmat-r2020a2\gmat-r2020a\cmake_gui_build\plugins\gmatfunctionplugin\src\base\gmatfunction.dir\release\gmatfunctionfactory.obj
d:\gmat\gmat-src\gmat-r2020a2\gmat-r2020a\cmake_gui_build\plugins\gmatfunctionplugin\src\base\gmatfunction.dir\release\gmatfunctioncommandfactory.obj
d:\gmat\gmat-src\gmat-r2020a2\gmat-r2020a\cmake_gui_build\plugins\gmatfunctionplugin\src\base\gmatfunction.dir\release\callgmatfunction.obj
d:\gmat\gmat-src\gmat-r2020a2\gmat-r2020a\cmake_gui_build\plugins\gmatfunctionplugin\src\base\gmatfunction.dir\release\global.obj
d:\gmat\gmat-src\gmat-r2020a2\gmat-r2020a\cmake_gui_build\plugins\gmatfunctionplugin\src\base\gmatfunction.dir\release\gmatpluginfunctions.obj
d:\gmat\gmat-src\gmat-r2020a2\gmat-r2020a\cmake_gui_build\plugins\gmatfunctionplugin\src\base\gmatfunction.dir\release\gmatfunction.obj
d:\gmat\gmat-src\gmat-r2020a2\gmat-r2020a\cmake_gui_build\plugins\gmatfunctionplugin\src\base\cmakefiles\generate.stamp
d:\gmat\gmat-src\gmat-r2020a2\gmat-r2020a\application\plugins\libgmatfunction.dll
d:\gmat\gmat-src\gmat-r2020a2\gmat-r2020a\cmake_gui_build\plugins\gmatfunctionplugin\src\base\release\gmatfunction.lib
d:\gmat\gmat-src\gmat-r2020a2\gmat-r2020a\cmake_gui_build\plugins\gmatfunctionplugin\src\base\release\gmatfunction.exp
d:\gmat\gmat-src\gmat-r2020a2\gmat-r2020a\cmake_gui_build\plugins\gmatfunctionplugin\src\base\gmatfunction.dir\release\plugin g.957a9d2d.tlog\cl.10364.write.1.tlog
d:\gmat\gmat-src\gmat-r2020a2\gmat-r2020a\cmake_gui_build\plugins\gmatfunctionplugin\src\base\gmatfunction.dir\release\plugin g.957a9d2d.tlog\cl.command.1.tlog
d:\gmat\gmat-src\gmat-r2020a2\gmat-r2020a\cmake_gui_build\plugins\gmatfunctionplugin\src\base\gmatfunction.dir\release\plugin g.957a9d2d.tlog\cl.read.1.tlog
d:\gmat\gmat-src\gmat-r2020a2\gmat-r2020a\cmake_gui_build\plugins\gmatfunctionplugin\src\base\gmatfunction.dir\release\plugin g.957a9d2d.tlog\custombuild.command.1.tlog
d:\gmat\gmat-src\gmat-r2020a2\gmat-r2020a\cmake_gui_build\plugins\gmatfunctionplugin\src\base\gmatfunction.dir\release\plugin g.957a9d2d.tlog\custombuild.read.1.tlog
d:\gmat\gmat-src\gmat-r2020a2\gmat-r2020a\cmake_gui_build\plugins\gmatfunctionplugin\src\base\gmatfunction.dir\release\plugin g.957a9d2d.tlog\custombuild.write.1.tlog
d:\gmat\gmat-src\gmat-r2020a2\gmat-r2020a\cmake_gui_build\plugins\gmatfunctionplugin\src\base\gmatfunction.dir\release\plugin g.957a9d2d.tlog\link.command.1.tlog
d:\gmat\gmat-src\gmat-r2020a2\gmat-r2020a\cmake_gui_build\plugins\gmatfunctionplugin\src\base\gmatfunction.dir\release\plugin g.957a9d2d.tlog\link.read.1.tlog
d:\gmat\gmat-src\gmat-r2020a2\gmat-r2020a\cmake_gui_build\plugins\gmatfunctionplugin\src\base\gmatfunction.dir\release\plugin g.957a9d2d.tlog\link.write.1.tlog
d:\gmat\gmat-src\gmat-r2020a2\gmat-r2020a\cmake_gui_build\plugins\gmatfunctionplugin\src\base\gmatfunction.dir\release\plugin g.957a9d2d.tlog\plugin gmatfunction.write.1u.tlog
